0:100  0:100  MemLog inited, TSC freq: 1514989980
0:100  0:000  CPU was calibrated with RTC
0:100  0:000  
0:100  0:000  Now is 2.8.2018,  15:21:36 (GMT)
0:100  0:000  Starting Clover revision: 4630 on INSYDE Corp. EFI
0:100  0:000  Build with: [Args: --conf=/Users/vagrant/src/UDK2018/Conf -D USE_LOW_EBDA -a X64 -b RELEASE -t XCODE8 -n 3 | OS: 10.13.4 | XCODE: 9.3.1]
0:100  0:000  SelfDevicePath=PciRoot(0x0)\Pci(0x17,0x0)\Sata(0x1,0x0,0x0)\HD(1,GPT,6A035D53-6D7D-47F5-A356-E4DC500A77AB,0x28,0x64000) @7CE39998
0:100  0:000  SelfDirPath = \EFI\BOOT
0:102  0:001  === [ Get Smbios ] ========================================
0:115  0:013  Type 16 Index = 0
0:115  0:000  Total Memory Slots Count = 2
0:115  0:000  Type 17 Index = 0
0:115  0:000  SmbiosTable.Type17->Speed = 1867MHz
0:115  0:000  SmbiosTable.Type17->Size = 2048MB
0:115  0:000  SmbiosTable.Type17->Bank/Device = BANK 0 ChannelA-DIMM0
0:115  0:000  SmbiosTable.Type17->Vendor = Samsung
0:115  0:000  SmbiosTable.Type17->SerialNumber = 85000000
0:115  0:000  SmbiosTable.Type17->PartNumber =                   
0:115  0:000  Type 17 Index = 1
0:115  0:000  Ignoring insane frequency value 0MHz
0:115  0:000  SmbiosTable.Type17->Speed = 0MHz
0:115  0:000  SmbiosTable.Type17->Size = 0MB
0:115  0:000  SmbiosTable.Type17->Bank/Device = BANK 1 ChannelA-DIMM1
0:115  0:000  SmbiosTable.Type17->Vendor = <null string>
0:115  0:000  SmbiosTable.Type17->SerialNumber = <null string>
0:115  0:000  SmbiosTable.Type17->PartNumber = <null string>
0:115  0:000  Boot status=0
0:115  0:000  Running on: 'TM1612' with board 'TM1612'
0:115  0:000  === [ GetCPUProperties ] ==================================
0:115  0:000  CPU Vendor = 756E6547 Model=406E3
0:115  0:000   The CPU supported SSE4.1
0:115  0:000  BrandString = Intel(R) Core(TM) m3-6Y30 CPU @ 0.90GHz
0:115  0:000   The CPU supported turbo
0:115  0:000  MSR 0x35               20004
0:115  0:000   TSC/CCC Information Leaf:
0:115  0:000    numerator     : 126
0:115  0:000    denominator   : 2
0:115  0:000   Calibrated ARTFrequency: 24047460
0:115  0:000  MSR 0xE2 before patch 7E008008
0:115  0:000  MSR 0xE2 is locked, PM patches will be turned on
0:115  0:000  MSR 0xCE              0004043D_F1010F00
0:115  0:000  corrected FLEX_RATIO = 0
0:115  0:000  MSR 0x1B0             00000000
0:115  0:000  FSBFrequency = 80 MHz, DMI FSBFrequency = 100 MHz, Corrected FSBFrequency = 100 MHz
0:115  0:000  MaxDiv/MinDiv: 15.0/4
0:115  0:000  Turbo: 20/20/20/22
0:115  0:000  Features: 0xBFEBFBFF
0:115  0:000  Threads: 4
0:115  0:000  Cores: 2
0:115  0:000  FSB: 100 MHz
0:115  0:000  CPU: 1200 MHz
0:115  0:000  TSC: 1200 MHz
0:115  0:000  PIS: 100 MHz
0:115  0:000  ExternalClock: 25 MHz
0:115  0:000  === [ GetDevices ] ========================================
0:115  0:000  PCI (00|00:00.00) : 8086 190C class=060000
0:115  0:000  PCI (00|00:02.00) : 8086 191E class=030000
0:115  0:000   - GFX: Model=Intel HD Graphics 515 (Intel)
0:115  0:000  PCI (00|00:04.00) : 8086 1903 class=118000
0:115  0:000  PCI (00|00:14.00) : 8086 9D2F class=0C0330
0:115  0:000  PCI (00|00:15.00) : 8086 9D60 class=118000
0:115  0:000  PCI (00|00:15.01) : 8086 9D61 class=118000
0:115  0:000  PCI (00|00:16.00) : 8086 9D3A class=078000
0:115  0:000  PCI (00|00:17.00) : 8086 9D03 class=010601
0:115  0:000  PCI (00|00:1D.00) : 8086 9D18 class=060400
0:115  0:000  PCI (00|01:00.00) : 8086 24F3 class=028000
0:115  0:000   - WIFI: Vendor=Intel
0:115  0:000  PCI (00|00:1F.00) : 8086 9D46 class=060100
0:115  0:000  PCI (00|00:1F.02) : 8086 9D21 class=058000
0:115  0:000  PCI (00|00:1F.03) : 8086 9D70 class=040300
0:115  0:000  PCI (00|00:1F.04) : 8086 9D23 class=0C0500
0:115  0:000  === [ GetDefaultSettings ] ================================
0:115  0:000  Clover load options size = 0 bytes
0:122  0:006  EFI\CLOVER\config.plist loaded: Success
0:138  0:015  === [ GetListOfThemes ] ===================================
0:138  0:000  - [00]: tonymacx86
0:139  0:000  - [01]: random
0:139  0:000  - [01]: embedded
0:140  0:000  === [ Found config plists ] ===============================
0:140  0:000  - config.plist
0:140  0:000  === [ GetEarlyUserSettings ] ==============================
0:140  0:000  timeout set to 5
0:140  0:000  Custom boot CUSTOM_BOOT_DISABLED (0x0)
0:140  0:000  ForceKextsToLoad: 2 requested
0:140  0:000   - [0]: System\Library\Extensions\IONetworkingFamily.kext
0:140  0:000   - [1]: System\Library\Extensions\AppleIntelSKLGraphicsFramebuffer.kext
0:140  0:000  KextsToPatch: 6 requested
0:140  0:000   - [00]: com.apple.driver.AppleIntelSKLGraphicsFramebuffer (Disable minStolenSize less or equal fStolenMemorySize assertion, 10.14 Credits (Sniki)) :: BinPatch :: data len: 5
0:140  0:000   - patch disabled at config
0:140  0:000   - [01]: com.apple.driver.AppleBacklight (change F%uT%04x to F%uTxxxx in AppleBacklightInjector.kext (credit RehabMan)) :: BinPatch :: data len: 9
0:140  0:000   - [02]: com.apple.driver.AppleIntelSKLGraphicsFramebuffer (0x19160000/etc, 32MB BIOS, 19MB framebuffer 9MB cursor bytes (credit RehabMan)) :: BinPatch :: data len: 8
0:140  0:000   - patch disabled at config
0:140  0:000   - [03]: com.apple.driver.AppleIntelSKLGraphicsFramebuffer (eDP, port 0000, 0x191e0000, 0x19160000, 0x19260000, 0x19270000, 0x191b0000, 0x19160002, 0x19260002, 0x191e0003, 0x19260004, 0x19270004, 0x193b0005 credit syscl) :: BinPatch :: data len: 20
0:140  0:000   - patch disabled at config
0:140  0:000   - [04]: com.apple.driver.AppleIntelSKLGraphicsFramebuffer (Enable lid wake for 0x19260002 credit syscl/lighting/Yating Zhou) :: BinPatch :: data len: 16
0:140  0:000   - patch disabled at config
0:140  0:000   - [05]: com.apple.driver.AppleIntelSKLGraphicsFramebuffer (Enable lid wake for 0x19260004 credit syscl/lighting/Yating Zhou) :: BinPatch :: data len: 16
0:140  0:000   - patch disabled at config
0:140  0:000  KernelToPatch: 1 requested
0:140  0:000   - [00]: MSR 0xE2 _xcpm_idle instant reboot(c) Pike R. Alpha :: data len: 8
0:140  0:000  Default theme: tonymacx86
0:140  0:000  Hiding entries with string Preboot
0:140  0:000  === [ LoadDrivers ] =======================================
0:141  0:000  Loading HFSPlus.efi  status=Success
0:143  0:002   - driver needs connecting
0:143  0:000  Loading PartitionDxe-64.efi  status=Success
0:146  0:002   - driver needs connecting
0:146  0:000  Loading AppleImageCodec-64.efi  status=Success
0:149  0:002  Loading AppleUITheme-64.efi  status=Success
0:151  0:001  Loading DataHubDxe-64.efi  status=Success
0:153  0:002  Loading AppleKeyAggregator-64.efi  status=Success
0:155  0:001  Loading FSInject-64.efi  status=Success
0:157  0:002  Loading FirmwareVolume-64.efi  status=Success
0:159  0:001  Loading SMCHelper-64.efi  status=Success
0:161  0:001  Loading ApfsDriverLoader.efi  status=Success
0:163  0:001   - driver needs connecting
0:163  0:000  Loading AptioMemoryFix.efi  status=Success
0:166  0:002  3 drivers needs connecting ...
0:166  0:000  PlatformDriverOverrideProtocol->GetDriver overriden
0:166  0:000  Partition driver loaded: 
0:166  0:000  HFS+ driver loaded
0:166  0:000  APFS driver loaded
0:166  0:000  Searching for invalid DiskIo BY_DRIVER connects: not found, all ok
0:606  0:439  === [ InitScreen ] ========================================
0:606  0:000  SetScreenResolution: 1920x1080 - already set
0:606  0:000  Console modes reported: 7, available modes:
0:606  0:000   - [01]: 80x25
0:606  0:000   - [02]: 80x50
0:606  0:000   - [03]: 80x25
0:606  0:000   - [04]: 240x56 (current mode)
0:606  0:000   - [05]: 100x31
0:606  0:000   - [06]: 128x40
0:606  0:000   - [07]: 160x53
0:606  0:000  SetScreenResolution: 1920x1080 - already set
0:606  0:000  reinit: self device path=PciRoot(0x0)\Pci(0x17,0x0)\Sata(0x1,0x0,0x0)\HD(1,GPT,6A035D53-6D7D-47F5-A356-E4DC500A77AB,0x28,0x64000)
0:607  0:001  Using embedded font: Success
0:610  0:002  === [ GetMacAddress ] =====================================
0:610  0:000   get legacy LAN MAC, 0 card found
0:610  0:000  === [ ScanSPD ] ===========================================
0:610  0:000  SMBus device : 8086 9D23 class=0C0500 status=Success
0:610  0:000  SMBus CmdReg: 0x3
0:610  0:000  Scanning SMBus [8086:9D23], mmio: 0xB1136004, ioport: 0x3040, hostc: 0x1
0:610  0:000  Slots to scan [8]...
0:611  0:001  === [ GetAcpiTablesList ] =================================
0:638  0:026  Get Acpi Tables List from RSDT:
0:638  0:000   - [00]: FACP  XMCC1501 len=244
0:638  0:000   - [01]: TCPA  XMCC1501 len=50
0:638  0:000   - [02]: UEFI  XMCC1501 len=566
0:638  0:000   - [03]: UEFI  XMCC1501 len=66
0:638  0:000   - [04]: SSDT  XMCC1501 len=1207
0:638  0:000   - [05]: SSDT  XMCC1501 len=75
0:638  0:000   - [06]: TPM2  XMCC1501 len=52
0:638  0:000   - [07]: MSDM  XMCC1501 len=85
0:638  0:000   - [08]: SSDT  XMCC1501 len=21230
0:638  0:000   - [09]: SSDT  XMCC1501 len=13175
0:638  0:000   - [10]: DBGP  XMCC1501 len=52
0:638  0:000   - [11]: DBG2  XMCC1501 len=84
0:638  0:000   - [12]: ASF!  XMCC1501 len=165
0:638  0:000   - [13]: ASPT  XMCC1501 len=52
0:638  0:000   - [14]: BOOT  XMCC1501 len=40
0:638  0:000   - [15]: DBGP  XMCC1501 len=52
0:638  0:000   - [16]: HPET  XMCC1501 len=56
0:638  0:000   - [17]: LPIT  XMCC1501 len=148
0:638  0:000   - [18]: APIC  XMCC1501 len=188
0:638  0:000   - [19]: MCFG  XMCC1501 len=60
0:638  0:000   - [20]: SSDT  XMCC1501 len=724
0:638  0:000   - [21]: SSDT  XMCC1501 len=11182
0:638  0:000   - [22]: SSDT  XMCC1501 len=477
0:638  0:000   - [23]: SSDT  XMCC1501 len=410
0:638  0:000   - [24]: SSDT  XMCC1501 len=2889
0:638  0:000   - [25]: SSDT  XMCC1501 len=1187
0:638  0:000   - [26]: SSDT  XMCC1501 len=3699
0:638  0:000   - [27]: DMAR  XMCC1501 len=240
0:638  0:000   - [28]: FPDT  XMCC1501 len=68
0:638  0:000   - [29]: WPBT  XMCC1501 len=76
0:638  0:000   - [30]: BGRT  XMCC1501 len=56
0:638  0:000  Calibrated TSC Frequency = 1514989980 = 1514MHz
0:638  0:000  === [ GetUserSettings ] ===================================
0:638  0:000  Add 1 devices:
0:638  0:000  USB FixOwnership: yes
0:638  0:000  Dropping 3 tables:
0:638  0:000   - [00]: Drop table  signature="#MCF" (46434D23)
0:638  0:000           - set table: 46434D23,                0 to drop: no
0:638  0:000   - [01]: Drop table  signature="DMAR" (52414D44)
0:638  0:000           - set table: 52414D44,                0 to drop: yes
0:638  0:000   - [02]: Drop table  signature="SSDT" (54445353) table-id="xh_rvp10" (30317076725F6878)
0:638  0:000           - set table: 54445353, 30317076725F6878 to drop: no
0:638  0:000   - final DSDT Fix mask=00000010
0:638  0:000  PatchesDSDT: 15 requested
0:638  0:000   - [00]: (change PCI0.VID to IGPU #2 (Thinkpad), optionally pair with SSDT-IGPU.aml) lenToFind: 14, lenToReplace: 14, Target Bridge: <null string>
0:638  0:000   - [01]: (change PCI0.VID to IGPU #1 (Thinkpad), optionally pair with SSDT-IGPU.aml) lenToFind: 8, lenToReplace: 8, Target Bridge: <null string>
0:638  0:000   - [02]: (change Method(_PTS,1,N) to ZPTS, pair with SSDT-PTSWAK.aml) lenToFind: 5, lenToReplace: 5, Target Bridge: <null string>
0:638  0:000   - [03]: (change Method(_WAK,1,S) to ZWAK, pair with SSDT-PTSWAK.aml) lenToFind: 5, lenToReplace: 5, Target Bridge: <null string>
0:638  0:000   - [04]: (change LANC Method(_PRW,0,S) to Method(XPRW,0,..), pair with SSDT-LANCPRW.aml) lenToFind: 11, lenToReplace: 11, Target Bridge: <null string>
0:638  0:000   - [05]: (change _DSM to XSDM) lenToFind: 4, lenToReplace: 4, Target Bridge: <null string>
0:638  0:000   - [06]: (change ADBG to XDBG) lenToFind: 5, lenToReplace: 5, Target Bridge: <null string>
0:638  0:000   - [07]: (change LGPA to XGPA) lenToFind: 5, lenToReplace: 5, Target Bridge: <null string>
0:638  0:000   - [08]: (change HDAS to HDEF) lenToFind: 4, lenToReplace: 4, Target Bridge: <null string>
0:638  0:000   - [09]: (change _OSI to XOSI, pair with SSDT-XOSI.aml) lenToFind: 4, lenToReplace: 4, Target Bridge: <null string>
0:638  0:000   - [10]: (Rename GFX0 to IGPU) lenToFind: 4, lenToReplace: 4, Target Bridge: <null string>
0:638  0:000   - [11]: (change MEI to IMEI) lenToFind: 4, lenToReplace: 4, Target Bridge: <null string>
0:638  0:000   - [12]: (change HECI to IMEI) lenToFind: 4, lenToReplace: 4, Target Bridge: <null string>
0:638  0:000   - [13]: (change SAT0 to SATA, optionally pair with SSDT-SATA.aml) lenToFind: 4, lenToReplace: 4, Target Bridge: <null string>
0:638  0:000   - [14]: (change Method(GPRW,2,N) to XPRW, pair with SSDT-GPRW.aml) lenToFind: 5, lenToReplace: 5, Target Bridge: <null string>
0:638  0:000  Using ProductName from config: MacBook9,1
0:638  0:000  Found same BiosVersion in clover and config
0:638  0:000  BiosVersion: MB91.88Z.0172.B00.1806261148
0:638  0:000  BiosReleaseDate: 06/26/2018
0:638  0:000  Using FirmwareFeatures from config: 0xFC0FE13F
0:638  0:000  Using FirmwareFeaturesMask from config: 0xFF1FFF3F
0:638  0:000  Board-ID set from config as Mac-9AE82516C7C6B903
0:638  0:000  BoardType: 0xA
0:639  0:000  ChassisType: 0x9
0:639  0:000  === [ Found DSDT tables ] =================================
2:841  2:201  === [ ScanVolumes ] =======================================
2:841  0:000  Found 9 volumes with blockIO
2:841  0:000  - [00]: Volume: PciRoot(0x0)\Pci(0x14,0x0)\USB(0x1,0x0)\USB(0x0,0x0)\USB(0x2,0x0)
2:841  0:000          Result of bootcode detection: bootable unknown (legacy)
2:841  0:000          USB volume
2:841  0:000          USB volume
2:841  0:000          USB volume
2:841  0:000  - [01]: Volume: PciRoot(0x0)\Pci(0x14,0x0)\USB(0x1,0x0)\USB(0x0,0x0)\USB(0x2,0x0)\HD(1,MBR,0x1A4746CD,0x800,0x1CF7800)
2:842  0:000          Result of bootcode detection: bootable Windows (vista,win)
2:842  0:000          USB volume
2:842  0:000          USB volume
2:842  0:000          USB volume
2:842  0:000  - [02]: Volume: PciRoot(0x0)\Pci(0x17,0x0)\Sata(0x1,0x0,0x0)
2:842  0:000  - [03]: Volume: PciRoot(0x0)\Pci(0x17,0x0)\Sata(0x1,0x0,0x0)\HD(1,GPT,6A035D53-6D7D-47F5-A356-E4DC500A77AB,0x28,0x64000)
2:843  0:000          Result of bootcode detection: bootable unknown (legacy)
2:843  0:000          This is SelfVolume !!
2:843  0:000  - [04]: Volume: PciRoot(0x0)\Pci(0x17,0x0)\Sata(0x1,0x0,0x0)\HD(2,GPT,74A2CCF1-6B9D-4A7E-B9CA-F192F6B5ACA3,0x64028,0xEE18260)
2:843  0:000          Result of bootcode detection: bootable unknown (legacy)
2:843  0:000  - [05]: Volume: PciRoot(0x0)\Pci(0x17,0x0)\Sata(0x1,0x0,0x0)\HD(2,GPT,74A2CCF1-6B9D-4A7E-B9CA-F192F6B5ACA3,0x64028,0xEE18260)\VenMedia(BE74FCF7-0B7C-49F3-9147-01F4042E6842,20645B862B00CC4C91B2A06BAEFAACFD)
2:843  0:000          hiding this volume
2:843  0:000  - [06]: Volume: PciRoot(0x0)\Pci(0x17,0x0)\Sata(0x1,0x0,0x0)\HD(2,GPT,74A2CCF1-6B9D-4A7E-B9CA-F192F6B5ACA3,0x64028,0xEE18260)\VenMedia(BE74FCF7-0B7C-49F3-9147-01F4042E6842,3D568DA25706004798DD18DCE362D04D)
2:843  0:000  - [07]: Volume: PciRoot(0x0)\Pci(0x17,0x0)\Sata(0x1,0x0,0x0)\HD(2,GPT,74A2CCF1-6B9D-4A7E-B9CA-F192F6B5ACA3,0x64028,0xEE18260)\VenMedia(BE74FCF7-0B7C-49F3-9147-01F4042E6842,6C141E1CC246864696DBA21830F20448)
2:843  0:000  - [08]: Volume: PciRoot(0x0)\Pci(0x17,0x0)\Sata(0x1,0x0,0x0)\HD(2,GPT,74A2CCF1-6B9D-4A7E-B9CA-F192F6B5ACA3,0x64028,0xEE18260)\VenMedia(BE74FCF7-0B7C-49F3-9147-01F4042E6842,4C9C4C150E38AD44B8FBE9C8F5542829)
2:844  0:000  === [ InitTheme ] =========================================
2:858  0:014  Using theme 'tonymacx86' (EFI\CLOVER\themes\tonymacx86)
2:860  0:001  Loading font from ThemeDir: Error
2:862  0:001  Chosen theme tonymacx86
2:862  0:000  found boot-args in NVRAM:, size=1
2:862  0:000  after NVRAM boot-args=-liludbgall nv_disable=1 dart=0 kext-dev-mode=1 -wegdbg -igfxdump
2:862  0:000  === [ Dump SMC keys from NVRAM ] ==========================
2:862  0:000  found AppleSMC protocol
2:888  0:026  Registered 17 SMC keys
2:888  0:000  === [ AddCustomEntries ] ==================================
2:888  0:000  Custom entry 0 Title:"Recovery" Path:"\com.apple.recovery.boot\boot.efi" Type:10 Flags:0x6 matching all volumes
2:888  0:000      Checking volume "" (PciRoot(0x0)\Pci(0x14,0x0)\USB(0x1,0x0)\USB(0x0,0x0)\USB(0x2,0x0)\HD(1,MBR,0x1A4746CD,0x800,0x1CF7800)) ... skipped because path does not exist
2:888  0:000      Checking volume "EFI" (PciRoot(0x0)\Pci(0x17,0x0)\Sata(0x1,0x0,0x0)\HD(1,GPT,6A035D53-6D7D-47F5-A356-E4DC500A77AB,0x28,0x64000)) ... skipped because path does not exist
2:888  0:000      Checking volume "Preboot" (PciRoot(0x0)\Pci(0x17,0x0)\Sata(0x1,0x0,0x0)\HD(2,GPT,74A2CCF1-6B9D-4A7E-B9CA-F192F6B5ACA3,0x64028,0xEE18260)\VenMedia(BE74FCF7-0B7C-49F3-9147-01F4042E6842,20645B862B00CC4C91B2A06BAEFAACFD)) ... skipped because volume is hidden
2:888  0:000      Checking volume "macOS" (PciRoot(0x0)\Pci(0x17,0x0)\Sata(0x1,0x0,0x0)\HD(2,GPT,74A2CCF1-6B9D-4A7E-B9CA-F192F6B5ACA3,0x64028,0xEE18260)\VenMedia(BE74FCF7-0B7C-49F3-9147-01F4042E6842,3D568DA25706004798DD18DCE362D04D)) ... skipped because path does not exist
2:889  0:000      Checking volume "Recovery" (PciRoot(0x0)\Pci(0x17,0x0)\Sata(0x1,0x0,0x0)\HD(2,GPT,74A2CCF1-6B9D-4A7E-B9CA-F192F6B5ACA3,0x64028,0xEE18260)\VenMedia(BE74FCF7-0B7C-49F3-9147-01F4042E6842,6C141E1CC246864696DBA21830F20448)) ... skipped because path does not exist
2:889  0:000      Checking volume "VM" (PciRoot(0x0)\Pci(0x17,0x0)\Sata(0x1,0x0,0x0)\HD(2,GPT,74A2CCF1-6B9D-4A7E-B9CA-F192F6B5ACA3,0x64028,0xEE18260)\VenMedia(BE74FCF7-0B7C-49F3-9147-01F4042E6842,4C9C4C150E38AD44B8FBE9C8F5542829)) ... skipped because path does not exist
2:889  0:000  Custom entry 1 Title:"Windows" Path:"\EFI\Microsoft\Boot\bootmgfw.efi" Options:"-s -h" Type:7 Flags:0x0 matching all volumes
2:889  0:000      Checking volume "" (PciRoot(0x0)\Pci(0x14,0x0)\USB(0x1,0x0)\USB(0x0,0x0)\USB(0x2,0x0)\HD(1,MBR,0x1A4746CD,0x800,0x1CF7800)) ... skipped because path does not exist
2:889  0:000      Checking volume "EFI" (PciRoot(0x0)\Pci(0x17,0x0)\Sata(0x1,0x0,0x0)\HD(1,GPT,6A035D53-6D7D-47F5-A356-E4DC500A77AB,0x28,0x64000)) ... skipped because path does not exist
2:889  0:000      Checking volume "Preboot" (PciRoot(0x0)\Pci(0x17,0x0)\Sata(0x1,0x0,0x0)\HD(2,GPT,74A2CCF1-6B9D-4A7E-B9CA-F192F6B5ACA3,0x64028,0xEE18260)\VenMedia(BE74FCF7-0B7C-49F3-9147-01F4042E6842,20645B862B00CC4C91B2A06BAEFAACFD)) ... skipped because volume is hidden
2:889  0:000      Checking volume "macOS" (PciRoot(0x0)\Pci(0x17,0x0)\Sata(0x1,0x0,0x0)\HD(2,GPT,74A2CCF1-6B9D-4A7E-B9CA-F192F6B5ACA3,0x64028,0xEE18260)\VenMedia(BE74FCF7-0B7C-49F3-9147-01F4042E6842,3D568DA25706004798DD18DCE362D04D)) ... skipped because path does not exist
2:889  0:000      Checking volume "Recovery" (PciRoot(0x0)\Pci(0x17,0x0)\Sata(0x1,0x0,0x0)\HD(2,GPT,74A2CCF1-6B9D-4A7E-B9CA-F192F6B5ACA3,0x64028,0xEE18260)\VenMedia(BE74FCF7-0B7C-49F3-9147-01F4042E6842,6C141E1CC246864696DBA21830F20448)) ... skipped because path does not exist
2:889  0:000      Checking volume "VM" (PciRoot(0x0)\Pci(0x17,0x0)\Sata(0x1,0x0,0x0)\HD(2,GPT,74A2CCF1-6B9D-4A7E-B9CA-F192F6B5ACA3,0x64028,0xEE18260)\VenMedia(BE74FCF7-0B7C-49F3-9147-01F4042E6842,4C9C4C150E38AD44B8FBE9C8F5542829)) ... skipped because path does not exist
2:889  0:000  === [ ScanLoader ] ========================================
2:889  0:000  - [01]: ''
2:929  0:039          AddLoaderEntry for Volume Name=
2:929  0:000          skipped because entry is hidden
2:929  0:000  - [03]: 'EFI'
2:964  0:035          AddLoaderEntry for Volume Name=EFI
2:964  0:000          skipped because entry is hidden
2:964  0:000  - [05]: 'Preboot', hidden
2:964  0:000  - [06]: 'macOS'
2:972  0:007          AddLoaderEntry for Volume Name=macOS
2:978  0:006      hibernated: set as never
3:020  0:042  - [07]: 'Recovery'
3:021  0:000          AddLoaderEntry for Volume Name=Recovery
3:064  0:043  - [08]: 'VM'
3:100  0:036  === [ AddCustomTool ] =====================================
3:100  0:000  found tool \EFI\CLOVER\tools\Shell64U.efi
3:100  0:000  Checking EFI partition Volume 3 for Clover
3:101  0:000   Found Clover
3:104  0:003  === [ GetEfiBootDeviceFromNvram ] =========================
3:105  0:000   - efi-boot-device-data: PciRoot(0x0)\Pci(0x17,0x0)\Sata(0x1,0x0,0x0)\HD(2,GPT,74A2CCF1-6B9D-4A7E-B9CA-F192F6B5ACA3,0x64028,0xEE18260)\VenMedia(BE74FCF7-0B7C-49F3-9147-01F4042E6842,20645B862B00CC4C91B2A06BAEFAACFD)\A28D563D-0657-4700-98DD-18DCE362D04D\System\Library\CoreServices\boot.efii
3:105  0:000    - Volume: 'PciRoot(0x0)\Pci(0x17,0x0)\Sata(0x1,0x0,0x0)\HD(2,GPT,74A2CCF1-6B9D-4A7E-B9CA-F192F6B5ACA3,0x64028,0xEE18260)\VenMedia(BE74FCF7-0B7C-49F3-9147-01F4042E6842,20645B862B00CC4C91B2A06BAEFAACFD)'
3:105  0:000    - LoaderPath: '\A28D563D-0657-4700-98DD-18DCE362D04D\System\Library\CoreServices\boot.efi'
3:105  0:000    - Guid = 74A2CCF1-6B9D-4A7E-B9CA-F192F6B5ACA3
3:105  0:000  === [ FindStartupDiskVolume ] =============================
3:105  0:000    - Volume: partition = PciRoot(0x0)\Pci(0x17,0x0)\Sata(0x1,0x0,0x0)\HD(2,GPT,74A2CCF1-6B9D-4A7E-B9CA-F192F6B5ACA3,0x64028,0xEE18260)\VenMedia(BE74FCF7-0B7C-49F3-9147-01F4042E6842,20645B862B00CC4C91B2A06BAEFAACFD)
3:105  0:000     - searching for that partition and loader '\A28D563D-0657-4700-98DD-18DCE362D04D\System\Library\CoreServices\boot.efi'
3:105  0:000      - [!] not found
3:105  0:000     - searching again, but comparing Media dev path nodes
3:105  0:000      - [!] not found
3:105  0:000     - searching for that partition
3:105  0:000      - [!] not found
3:105  0:000     - searching again, but comparing Media dev path nodes
3:105  0:000      - found entry 0. 'Boot macOS from macOS', Volume 'macOS'
3:105  0:000  Boot redirected to Entry 0. 'Boot macOS from macOS'
3:105  0:000  DefaultIndex=0 and MainMenu.EntryCount=8
3:356  0:250  GUI ready
10:130  6:774  Found UEFI Acpi 2.0 RSDP at 8CEFD014
10:130  0:000  Saving ACPI tables from RSDP 8CEFD014 to EFI\CLOVER\ACPI\origin ...
10:130  0:000   8CEFD014: 'RSD PTR ', Rev: 2 (Acpi 2.0 or newer), Len: 36 -> RSDP.aml
10:135  0:005    (Xsdt: 8CEC0188, Rsdt: 8CEC00C4)
10:135  0:000    8CEC0188: 'XSDT', 'XMCC1501', Rev: 1, Len: 284 -> XSDT.aml
10:139  0:003    8CEC00C4: 'RSDT', 'XMCC1501', Rev: 1, Len: 160 -> RSDT.aml
10:142  0:003    Tables in Xsdt: 31
10:142  0:000    0. 8CEE5000: 'FACP', 'XMCC1501', Rev: 5, Len: 244 -> FACP.aml
10:145  0:003        (Dsdt: 8CEC2000, Facs: 8CE4E000, XDsdt: 8CEC2000, XFacs: 0)
10:145  0:000        8CEC2000: 'DSDT', 'XMCC1501', Rev: 2, Len: 123559 -> DSDT.aml
10:158  0:012        8CE4E000: 'FACS', Ver: 2, Len: 64 -> FACS.aml
10:162  0:003    1. 8CEFC000: 'TCPA', 'XMCC1501', Rev: 2, Len: 50 -> TCPA.aml
10:165  0:003    2. 8CEFB000: 'UEFI', 'XMCC1501', Rev: 1, Len: 566 -> UEFI.aml
10:169  0:003    3. 8CEFA000: 'UEFI', 'XMCC1501', Rev: 1, Len: 66 -> UEFI.aml
10:173  0:003    4. 8CEF9000: 'SSDT', 'XMCC1501', Rev: 2, Len: 1207 -> SSDT-0-XMCC1501.aml
10:175  0:002    5. 8CEF8000: 'SSDT', 'XMCC1501', Rev: 2, Len: 75 -> SSDT-1-XMCC1501.aml
10:178  0:002    6. 8CEF7000: 'TPM2', 'XMCC1501', Rev: 3, Len: 52 -> TPM2.aml
10:182  0:004    7. 8CEF6000: 'MSDM', 'XMCC1501', Rev: 3, Len: 85 -> MSDM.aml
10:186  0:003    8. 8CEF0000: 'SSDT', 'XMCC1501', Rev: 2, Len: 21230 -> SSDT-2-XMCC1501.aml
10:190  0:004    9. 8CEEC000: 'SSDT', 'XMCC1501', Rev: 2, Len: 13175 -> SSDT-3-XMCC1501.aml
10:193  0:002    10. 8CEEB000: 'DBGP', 'XMCC1501', Rev: 1, Len: 52 -> DBGP.aml
10:196  0:003    11. 8CEEA000: 'DBG2', 'XMCC1501', Rev: 0, Len: 84 -> DBG2.aml
10:199  0:003    12. 8CEE9000: 'ASF!', 'XMCC1501', Rev: 32, Len: 165 -> ASF!.aml
10:203  0:003    13. 8CEE8000: 'ASPT', 'XMCC1501', Rev: 7, Len: 52 -> ASPT.aml
10:207  0:003    14. 8CEE7000: 'BOOT', 'XMCC1501', Rev: 1, Len: 40 -> BOOT.aml
10:210  0:003    15. 8CEE6000: 'DBGP', 'XMCC1501', Rev: 1, Len: 52 -> DBGP.aml
10:214  0:003    16. 8CEE4000: 'HPET', 'XMCC1501', Rev: 1, Len: 56 -> HPET.aml
10:218  0:003    17. 8CEE3000: 'LPIT', 'XMCC1501', Rev: 1, Len: 148 -> LPIT.aml
10:221  0:003    18. 8CEE2000: 'APIC', 'XMCC1501', Rev: 3, Len: 188 -> APIC.aml
10:225  0:004    19. 8CEE1000: 'MCFG', 'XMCC1501', Rev: 1, Len: 60 -> MCFG.aml
10:229  0:003    20. 8CEC1000: 'SSDT', 'XMCC1501', Rev: 1, Len: 724 -> SSDT-4-XMCC1501.aml
10:231  0:002    21. 8CEBD000: 'SSDT', 'XMCC1501', Rev: 2, Len: 11182 -> SSDT-5-XMCC1501.aml
10:234  0:002    22. 8CEBC000: 'SSDT', 'XMCC1501', Rev: 2, Len: 477 -> SSDT-6-XMCC1501.aml
10:237  0:002    23. 8CEBB000: 'SSDT', 'XMCC1501', Rev: 2, Len: 410 -> SSDT-7-XMCC1501.aml
10:239  0:002    24. 8CEBA000: 'SSDT', 'XMCC1501', Rev: 2, Len: 2889 -> SSDT-8-XMCC1501.aml
10:242  0:003    25. 8CEB9000: 'SSDT', 'XMCC1501', Rev: 2, Len: 1187 -> SSDT-9-XMCC1501.aml
10:245  0:002    26. 8CEB8000: 'SSDT', 'XMCC1501', Rev: 2, Len: 3699 -> SSDT-10-XMCC1501.aml (Found hidden SSDT 7 pcs)
10:247  0:002        * 8CB77A18: 'SSDT', 'Cpu0Ist', Rev: 2, Len: 1170  53 53 44 54 92 04 00 00 02 2B 50 6D 52 65 66 00 Internal length = 1170 -> SSDT-x10_0-Cpu0Ist.aml
10:250  0:003        * 8CB75618: 'SSDT', 'ApIst', Rev: 2, Len: 1450  53 53 44 54 AA 05 00 00 02 DD 50 6D 52 65 66 00 Internal length = 1450 -> SSDT-x10_1-ApIst.aml
10:254  0:003        * 8CB75C18: 'SSDT', 'Cpu0Cst', Rev: 2, Len: 895  53 53 44 54 7F 03 00 00 02 74 50 6D 52 65 66 00 Internal length = 895 -> SSDT-x10_2-Cpu0Cst.aml
10:258  0:003        * 8CB76C18: 'SSDT', 'ApCst', Rev: 2, Len: 281  53 53 44 54 19 01 00 00 02 F9 50 6D 52 65 66 00 Internal length = 281 -> SSDT-x10_3-ApCst.aml
10:262  0:004        * 8CB77F18: 'SSDT', 'Cpu0Hwp', Rev: 2, Len: 142  53 53 44 54 8E 00 00 00 02 3A 50 6D 52 65 66 00 Internal length = 142 -> SSDT-x10_4-Cpu0Hwp.aml
10:265  0:003        * 8CB76A98: 'SSDT', 'ApHwp', Rev: 2, Len: 281  53 53 44 54 19 01 00 00 02 0C 50 6D 52 65 66 00 Internal length = 281 -> SSDT-x10_5-ApHwp.aml
10:269  0:003        * 8CB76D98: 'SSDT', 'HwpLvt', Rev: 2, Len: 304  53 53 44 54 30 01 00 00 02 94 50 6D 52 65 66 00 Internal length = 304 -> SSDT-x10_6-HwpLvt.aml
10:273  0:003  
10:273  0:000    27. 8CEB7000: 'DMAR', 'XMCC1501', Rev: 1, Len: 240 -> DMAR.aml
10:276  0:003    28. 8CEB6000: 'FPDT', 'XMCC1501', Rev: 1, Len: 68 -> FPDT.aml
10:280  0:003    29. 8CEB4000: 'WPBT', 'XMCC1501', Rev: 1, Len: 76 -> WPBT.aml
10:284  0:003    30. 8CEB3000: 'BGRT', 'XMCC1501', Rev: 1, Len: 56 -> BGRT.aml
10:287  0:003    Tables in Rsdt: 31
10:287  0:000    0. 8CEE5000: 'FACP', 'XMCC1501', Rev: 5, Len: 244
10:287  0:000        (Dsdt: 8CEC2000, Facs: 8CE4E000, XDsdt: 8CEC2000, XFacs: 0)
10:287  0:000        8CEC2000: 'DSDT', 'XMCC1501', Rev: 2, Len: 123559
10:292  0:004        8CE4E000: 'FACS', Ver: 2, Len: 64
10:292  0:000    1. 8CEFC000: 'TCPA', 'XMCC1501', Rev: 2, Len: 50
10:292  0:000    2. 8CEFB000: 'UEFI', 'XMCC1501', Rev: 1, Len: 566
10:292  0:000    3. 8CEFA000: 'UEFI', 'XMCC1501', Rev: 1, Len: 66
10:292  0:000    4. 8CEF9000: 'SSDT', 'XMCC1501', Rev: 2, Len: 1207
10:292  0:000    5. 8CEF8000: 'SSDT', 'XMCC1501', Rev: 2, Len: 75
10:292  0:000    6. 8CEF7000: 'TPM2', 'XMCC1501', Rev: 3, Len: 52
10:292  0:000    7. 8CEF6000: 'MSDM', 'XMCC1501', Rev: 3, Len: 85
10:292  0:000    8. 8CEF0000: 'SSDT', 'XMCC1501', Rev: 2, Len: 21230
10:292  0:000    9. 8CEEC000: 'SSDT', 'XMCC1501', Rev: 2, Len: 13175
10:292  0:000    10. 8CEEB000: 'DBGP', 'XMCC1501', Rev: 1, Len: 52
10:292  0:000    11. 8CEEA000: 'DBG2', 'XMCC1501', Rev: 0, Len: 84
10:292  0:000    12. 8CEE9000: 'ASF!', 'XMCC1501', Rev: 32, Len: 165
10:292  0:000    13. 8CEE8000: 'ASPT', 'XMCC1501', Rev: 7, Len: 52
10:292  0:000    14. 8CEE7000: 'BOOT', 'XMCC1501', Rev: 1, Len: 40
10:292  0:000    15. 8CEE6000: 'DBGP', 'XMCC1501', Rev: 1, Len: 52
10:292  0:000    16. 8CEE4000: 'HPET', 'XMCC1501', Rev: 1, Len: 56
10:292  0:000    17. 8CEE3000: 'LPIT', 'XMCC1501', Rev: 1, Len: 148
10:292  0:000    18. 8CEE2000: 'APIC', 'XMCC1501', Rev: 3, Len: 188
10:292  0:000    19. 8CEE1000: 'MCFG', 'XMCC1501', Rev: 1, Len: 60
10:292  0:000    20. 8CEC1000: 'SSDT', 'XMCC1501', Rev: 1, Len: 724
10:292  0:000    21. 8CEBD000: 'SSDT', 'XMCC1501', Rev: 2, Len: 11182
10:292  0:000    22. 8CEBC000: 'SSDT', 'XMCC1501', Rev: 2, Len: 477
10:292  0:000    23. 8CEBB000: 'SSDT', 'XMCC1501', Rev: 2, Len: 410
10:292  0:000    24. 8CEBA000: 'SSDT', 'XMCC1501', Rev: 2, Len: 2889
10:292  0:000    25. 8CEB9000: 'SSDT', 'XMCC1501', Rev: 2, Len: 1187
10:292  0:000    26. 8CEB8000: 'SSDT', 'XMCC1501', Rev: 2, Len: 3699
10:292  0:000    27. 8CEB7000: 'DMAR', 'XMCC1501', Rev: 1, Len: 240
10:292  0:000    28. 8CEB6000: 'FPDT', 'XMCC1501', Rev: 1, Len: 68
10:292  0:000    29. 8CEB4000: 'WPBT', 'XMCC1501', Rev: 1, Len: 76
10:292  0:000    30. 8CEB3000: 'BGRT', 'XMCC1501', Rev: 1, Len: 56
10:692  0:399  Found UEFI Acpi 2.0 RSDP at 8CEFD014
10:692  0:000  Saving ACPI tables from RSDP 8CEFD014 to EFI\CLOVER\ACPI\origin ...
10:692  0:000   8CEFD014: 'RSD PTR ', Rev: 2 (Acpi 2.0 or newer), Len: 36
10:692  0:000    (Xsdt: 8CEC0188, Rsdt: 8CEC00C4)
10:692  0:000    8CEC0188: 'XSDT', 'XMCC1501', Rev: 1, Len: 284
10:692  0:000    8CEC00C4: 'RSDT', 'XMCC1501', Rev: 1, Len: 160
10:692  0:000    Tables in Xsdt: 31
10:692  0:000    0. 8CEE5000: 'FACP', 'XMCC1501', Rev: 5, Len: 244
10:692  0:000        (Dsdt: 8CEC2000, Facs: 8CE4E000, XDsdt: 8CEC2000, XFacs: 0)
10:692  0:000        8CEC2000: 'DSDT', 'XMCC1501', Rev: 2, Len: 123559
10:696  0:004        8CE4E000: 'FACS', Ver: 2, Len: 64
10:696  0:000    1. 8CEFC000: 'TCPA', 'XMCC1501', Rev: 2, Len: 50
10:696  0:000    2. 8CEFB000: 'UEFI', 'XMCC1501', Rev: 1, Len: 566
10:696  0:000    3. 8CEFA000: 'UEFI', 'XMCC1501', Rev: 1, Len: 66
10:696  0:000    4. 8CEF9000: 'SSDT', 'XMCC1501', Rev: 2, Len: 1207
10:696  0:000    5. 8CEF8000: 'SSDT', 'XMCC1501', Rev: 2, Len: 75
10:696  0:000    6. 8CEF7000: 'TPM2', 'XMCC1501', Rev: 3, Len: 52
10:696  0:000    7. 8CEF6000: 'MSDM', 'XMCC1501', Rev: 3, Len: 85
10:696  0:000    8. 8CEF0000: 'SSDT', 'XMCC1501', Rev: 2, Len: 21230
10:696  0:000    9. 8CEEC000: 'SSDT', 'XMCC1501', Rev: 2, Len: 13175
10:696  0:000    10. 8CEEB000: 'DBGP', 'XMCC1501', Rev: 1, Len: 52
10:696  0:000    11. 8CEEA000: 'DBG2', 'XMCC1501', Rev: 0, Len: 84
10:696  0:000    12. 8CEE9000: 'ASF!', 'XMCC1501', Rev: 32, Len: 165
10:696  0:000    13. 8CEE8000: 'ASPT', 'XMCC1501', Rev: 7, Len: 52
10:696  0:000    14. 8CEE7000: 'BOOT', 'XMCC1501', Rev: 1, Len: 40
10:696  0:000    15. 8CEE6000: 'DBGP', 'XMCC1501', Rev: 1, Len: 52
10:696  0:000    16. 8CEE4000: 'HPET', 'XMCC1501', Rev: 1, Len: 56
10:696  0:000    17. 8CEE3000: 'LPIT', 'XMCC1501', Rev: 1, Len: 148
10:696  0:000    18. 8CEE2000: 'APIC', 'XMCC1501', Rev: 3, Len: 188
10:696  0:000    19. 8CEE1000: 'MCFG', 'XMCC1501', Rev: 1, Len: 60
10:696  0:000    20. 8CEC1000: 'SSDT', 'XMCC1501', Rev: 1, Len: 724
10:696  0:000    21. 8CEBD000: 'SSDT', 'XMCC1501', Rev: 2, Len: 11182
10:696  0:000    22. 8CEBC000: 'SSDT', 'XMCC1501', Rev: 2, Len: 477
10:696  0:000    23. 8CEBB000: 'SSDT', 'XMCC1501', Rev: 2, Len: 410
10:696  0:000    24. 8CEBA000: 'SSDT', 'XMCC1501', Rev: 2, Len: 2889
10:696  0:000    25. 8CEB9000: 'SSDT', 'XMCC1501', Rev: 2, Len: 1187
10:696  0:000    26. 8CEB8000: 'SSDT', 'XMCC1501', Rev: 2, Len: 3699
10:696  0:000    27. 8CEB7000: 'DMAR', 'XMCC1501', Rev: 1, Len: 240
10:696  0:000    28. 8CEB6000: 'FPDT', 'XMCC1501', Rev: 1, Len: 68
10:696  0:000    29. 8CEB4000: 'WPBT', 'XMCC1501', Rev: 1, Len: 76
10:696  0:000    30. 8CEB3000: 'BGRT', 'XMCC1501', Rev: 1, Len: 56
10:696  0:000    Tables in Rsdt: 31
10:696  0:000    0. 8CEE5000: 'FACP', 'XMCC1501', Rev: 5, Len: 244
10:696  0:000        (Dsdt: 8CEC2000, Facs: 8CE4E000, XDsdt: 8CEC2000, XFacs: 0)
10:696  0:000        8CEC2000: 'DSDT', 'XMCC1501', Rev: 2, Len: 123559
10:701  0:004        8CE4E000: 'FACS', Ver: 2, Len: 64
10:701  0:000    1. 8CEFC000: 'TCPA', 'XMCC1501', Rev: 2, Len: 50
10:701  0:000    2. 8CEFB000: 'UEFI', 'XMCC1501', Rev: 1, Len: 566
10:701  0:000    3. 8CEFA000: 'UEFI', 'XMCC1501', Rev: 1, Len: 66
10:701  0:000    4. 8CEF9000: 'SSDT', 'XMCC1501', Rev: 2, Len: 1207
10:701  0:000    5. 8CEF8000: 'SSDT', 'XMCC1501', Rev: 2, Len: 75
10:701  0:000    6. 8CEF7000: 'TPM2', 'XMCC1501', Rev: 3, Len: 52
10:701  0:000    7. 8CEF6000: 'MSDM', 'XMCC1501', Rev: 3, Len: 85
10:701  0:000    8. 8CEF0000: 'SSDT', 'XMCC1501', Rev: 2, Len: 21230
10:701  0:000    9. 8CEEC000: 'SSDT', 'XMCC1501', Rev: 2, Len: 13175
10:701  0:000    10. 8CEEB000: 'DBGP', 'XMCC1501', Rev: 1, Len: 52
10:701  0:000    11. 8CEEA000: 'DBG2', 'XMCC1501', Rev: 0, Len: 84
10:701  0:000    12. 8CEE9000: 'ASF!', 'XMCC1501', Rev: 32, Len: 165
10:701  0:000    13. 8CEE8000: 'ASPT', 'XMCC1501', Rev: 7, Len: 52
10:701  0:000    14. 8CEE7000: 'BOOT', 'XMCC1501', Rev: 1, Len: 40
10:701  0:000    15. 8CEE6000: 'DBGP', 'XMCC1501', Rev: 1, Len: 52
10:701  0:000    16. 8CEE4000: 'HPET', 'XMCC1501', Rev: 1, Len: 56
10:701  0:000    17. 8CEE3000: 'LPIT', 'XMCC1501', Rev: 1, Len: 148
10:701  0:000    18. 8CEE2000: 'APIC', 'XMCC1501', Rev: 3, Len: 188
10:701  0:000    19. 8CEE1000: 'MCFG', 'XMCC1501', Rev: 1, Len: 60
10:701  0:000    20. 8CEC1000: 'SSDT', 'XMCC1501', Rev: 1, Len: 724
10:701  0:000    21. 8CEBD000: 'SSDT', 'XMCC1501', Rev: 2, Len: 11182
10:701  0:000    22. 8CEBC000: 'SSDT', 'XMCC1501', Rev: 2, Len: 477
10:701  0:000    23. 8CEBB000: 'SSDT', 'XMCC1501', Rev: 2, Len: 410
10:701  0:000    24. 8CEBA000: 'SSDT', 'XMCC1501', Rev: 2, Len: 2889
10:701  0:000    25. 8CEB9000: 'SSDT', 'XMCC1501', Rev: 2, Len: 1187
10:701  0:000    26. 8CEB8000: 'SSDT', 'XMCC1501', Rev: 2, Len: 3699
10:701  0:000    27. 8CEB7000: 'DMAR', 'XMCC1501', Rev: 1, Len: 240
10:701  0:000    28. 8CEB6000: 'FPDT', 'XMCC1501', Rev: 1, Len: 68
10:701  0:000    29. 8CEB4000: 'WPBT', 'XMCC1501', Rev: 1, Len: 76
10:701  0:000    30. 8CEB3000: 'BGRT', 'XMCC1501', Rev: 1, Len: 56
10:712  0:010  Found UEFI Acpi 2.0 RSDP at 8CEFD014
10:712  0:000  Saving ACPI tables from RSDP 8CEFD014 to EFI\CLOVER\ACPI\origin ...
10:712  0:000   8CEFD014: 'RSD PTR ', Rev: 2 (Acpi 2.0 or newer), Len: 36
10:712  0:000    (Xsdt: 8CEC0188, Rsdt: 8CEC00C4)
10:712  0:000    8CEC0188: 'XSDT', 'XMCC1501', Rev: 1, Len: 284
10:712  0:000    8CEC00C4: 'RSDT', 'XMCC1501', Rev: 1, Len: 160
10:712  0:000    Tables in Xsdt: 31
10:712  0:000    0. 8CEE5000: 'FACP', 'XMCC1501', Rev: 5, Len: 244
10:712  0:000        (Dsdt: 8CEC2000, Facs: 8CE4E000, XDsdt: 8CEC2000, XFacs: 0)
10:712  0:000        8CEC2000: 'DSDT', 'XMCC1501', Rev: 2, Len: 123559
10:717  0:004        8CE4E000: 'FACS', Ver: 2, Len: 64
10:717  0:000    1. 8CEFC000: 'TCPA', 'XMCC1501', Rev: 2, Len: 50
10:717  0:000    2. 8CEFB000: 'UEFI', 'XMCC1501', Rev: 1, Len: 566
10:717  0:000    3. 8CEFA000: 'UEFI', 'XMCC1501', Rev: 1, Len: 66
10:717  0:000    4. 8CEF9000: 'SSDT', 'XMCC1501', Rev: 2, Len: 1207
10:717  0:000    5. 8CEF8000: 'SSDT', 'XMCC1501', Rev: 2, Len: 75
10:717  0:000    6. 8CEF7000: 'TPM2', 'XMCC1501', Rev: 3, Len: 52
10:717  0:000    7. 8CEF6000: 'MSDM', 'XMCC1501', Rev: 3, Len: 85
10:717  0:000    8. 8CEF0000: 'SSDT', 'XMCC1501', Rev: 2, Len: 21230
10:717  0:000    9. 8CEEC000: 'SSDT', 'XMCC1501', Rev: 2, Len: 13175
10:717  0:000    10. 8CEEB000: 'DBGP', 'XMCC1501', Rev: 1, Len: 52
10:717  0:000    11. 8CEEA000: 'DBG2', 'XMCC1501', Rev: 0, Len: 84
10:717  0:000    12. 8CEE9000: 'ASF!', 'XMCC1501', Rev: 32, Len: 165
10:717  0:000    13. 8CEE8000: 'ASPT', 'XMCC1501', Rev: 7, Len: 52
10:717  0:000    14. 8CEE7000: 'BOOT', 'XMCC1501', Rev: 1, Len: 40
10:717  0:000    15. 8CEE6000: 'DBGP', 'XMCC1501', Rev: 1, Len: 52
10:717  0:000    16. 8CEE4000: 'HPET', 'XMCC1501', Rev: 1, Len: 56
10:717  0:000    17. 8CEE3000: 'LPIT', 'XMCC1501', Rev: 1, Len: 148
10:717  0:000    18. 8CEE2000: 'APIC', 'XMCC1501', Rev: 3, Len: 188
10:717  0:000    19. 8CEE1000: 'MCFG', 'XMCC1501', Rev: 1, Len: 60
10:717  0:000    20. 8CEC1000: 'SSDT', 'XMCC1501', Rev: 1, Len: 724
10:717  0:000    21. 8CEBD000: 'SSDT', 'XMCC1501', Rev: 2, Len: 11182
10:717  0:000    22. 8CEBC000: 'SSDT', 'XMCC1501', Rev: 2, Len: 477
10:717  0:000    23. 8CEBB000: 'SSDT', 'XMCC1501', Rev: 2, Len: 410
10:717  0:000    24. 8CEBA000: 'SSDT', 'XMCC1501', Rev: 2, Len: 2889
10:717  0:000    25. 8CEB9000: 'SSDT', 'XMCC1501', Rev: 2, Len: 1187
10:717  0:000    26. 8CEB8000: 'SSDT', 'XMCC1501', Rev: 2, Len: 3699
10:717  0:000    27. 8CEB7000: 'DMAR', 'XMCC1501', Rev: 1, Len: 240
10:717  0:000    28. 8CEB6000: 'FPDT', 'XMCC1501', Rev: 1, Len: 68
10:717  0:000    29. 8CEB4000: 'WPBT', 'XMCC1501', Rev: 1, Len: 76
10:717  0:000    30. 8CEB3000: 'BGRT', 'XMCC1501', Rev: 1, Len: 56
10:717  0:000    Tables in Rsdt: 31
10:717  0:000    0. 8CEE5000: 'FACP', 'XMCC1501', Rev: 5, Len: 244
10:717  0:000        (Dsdt: 8CEC2000, Facs: 8CE4E000, XDsdt: 8CEC2000, XFacs: 0)
10:717  0:000        8CEC2000: 'DSDT', 'XMCC1501', Rev: 2, Len: 123559
10:722  0:004        8CE4E000: 'FACS', Ver: 2, Len: 64
10:722  0:000    1. 8CEFC000: 'TCPA', 'XMCC1501', Rev: 2, Len: 50
10:722  0:000    2. 8CEFB000: 'UEFI', 'XMCC1501', Rev: 1, Len: 566
10:722  0:000    3. 8CEFA000: 'UEFI', 'XMCC1501', Rev: 1, Len: 66
10:722  0:000    4. 8CEF9000: 'SSDT', 'XMCC1501', Rev: 2, Len: 1207
10:722  0:000    5. 8CEF8000: 'SSDT', 'XMCC1501', Rev: 2, Len: 75
10:722  0:000    6. 8CEF7000: 'TPM2', 'XMCC1501', Rev: 3, Len: 52
10:722  0:000    7. 8CEF6000: 'MSDM', 'XMCC1501', Rev: 3, Len: 85
10:722  0:000    8. 8CEF0000: 'SSDT', 'XMCC1501', Rev: 2, Len: 21230
10:722  0:000    9. 8CEEC000: 'SSDT', 'XMCC1501', Rev: 2, Len: 13175
10:722  0:000    10. 8CEEB000: 'DBGP', 'XMCC1501', Rev: 1, Len: 52
10:722  0:000    11. 8CEEA000: 'DBG2', 'XMCC1501', Rev: 0, Len: 84
10:722  0:000    12. 8CEE9000: 'ASF!', 'XMCC1501', Rev: 32, Len: 165
10:722  0:000    13. 8CEE8000: 'ASPT', 'XMCC1501', Rev: 7, Len: 52
10:722  0:000    14. 8CEE7000: 'BOOT', 'XMCC1501', Rev: 1, Len: 40
10:722  0:000    15. 8CEE6000: 'DBGP', 'XMCC1501', Rev: 1, Len: 52
10:722  0:000    16. 8CEE4000: 'HPET', 'XMCC1501', Rev: 1, Len: 56
10:722  0:000    17. 8CEE3000: 'LPIT', 'XMCC1501', Rev: 1, Len: 148
10:722  0:000    18. 8CEE2000: 'APIC', 'XMCC1501', Rev: 3, Len: 188
10:722  0:000    19. 8CEE1000: 'MCFG', 'XMCC1501', Rev: 1, Len: 60
10:722  0:000    20. 8CEC1000: 'SSDT', 'XMCC1501', Rev: 1, Len: 724
10:722  0:000    21. 8CEBD000: 'SSDT', 'XMCC1501', Rev: 2, Len: 11182
10:722  0:000    22. 8CEBC000: 'SSDT', 'XMCC1501', Rev: 2, Len: 477
10:722  0:000    23. 8CEBB000: 'SSDT', 'XMCC1501', Rev: 2, Len: 410
10:722  0:000    24. 8CEBA000: 'SSDT', 'XMCC1501', Rev: 2, Len: 2889
10:722  0:000    25. 8CEB9000: 'SSDT', 'XMCC1501', Rev: 2, Len: 1187
10:722  0:000    26. 8CEB8000: 'SSDT', 'XMCC1501', Rev: 2, Len: 3699
10:722  0:000    27. 8CEB7000: 'DMAR', 'XMCC1501', Rev: 1, Len: 240
10:722  0:000    28. 8CEB6000: 'FPDT', 'XMCC1501', Rev: 1, Len: 68
10:722  0:000    29. 8CEB4000: 'WPBT', 'XMCC1501', Rev: 1, Len: 76
10:722  0:000    30. 8CEB3000: 'BGRT', 'XMCC1501', Rev: 1, Len: 56
10:742  0:020  Found UEFI Acpi 2.0 RSDP at 8CEFD014
10:742  0:000  Saving ACPI tables from RSDP 8CEFD014 to EFI\CLOVER\ACPI\origin ...
10:742  0:000   8CEFD014: 'RSD PTR ', Rev: 2 (Acpi 2.0 or newer), Len: 36
10:742  0:000    (Xsdt: 8CEC0188, Rsdt: 8CEC00C4)
10:742  0:000    8CEC0188: 'XSDT', 'XMCC1501', Rev: 1, Len: 284
10:742  0:000    8CEC00C4: 'RSDT', 'XMCC1501', Rev: 1, Len: 160
10:742  0:000    Tables in Xsdt: 31
10:742  0:000    0. 8CEE5000: 'FACP', 'XMCC1501', Rev: 5, Len: 244
10:742  0:000        (Dsdt: 8CEC2000, Facs: 8CE4E000, XDsdt: 8CEC2000, XFacs: 0)
10:742  0:000        8CEC2000: 'DSDT', 'XMCC1501', Rev: 2, Len: 123559
10:747  0:004        8CE4E000: 'FACS', Ver: 2, Len: 64
10:747  0:000    1. 8CEFC000: 'TCPA', 'XMCC1501', Rev: 2, Len: 50
10:747  0:000    2. 8CEFB000: 'UEFI', 'XMCC1501', Rev: 1, Len: 566
10:747  0:000    3. 8CEFA000: 'UEFI', 'XMCC1501', Rev: 1, Len: 66
10:747  0:000    4. 8CEF9000: 'SSDT', 'XMCC1501', Rev: 2, Len: 1207
10:747  0:000    5. 8CEF8000: 'SSDT', 'XMCC1501', Rev: 2, Len: 75
10:747  0:000    6. 8CEF7000: 'TPM2', 'XMCC1501', Rev: 3, Len: 52
10:747  0:000    7. 8CEF6000: 'MSDM', 'XMCC1501', Rev: 3, Len: 85
10:747  0:000    8. 8CEF0000: 'SSDT', 'XMCC1501', Rev: 2, Len: 21230
10:747  0:000    9. 8CEEC000: 'SSDT', 'XMCC1501', Rev: 2, Len: 13175
10:747  0:000    10. 8CEEB000: 'DBGP', 'XMCC1501', Rev: 1, Len: 52
10:747  0:000    11. 8CEEA000: 'DBG2', 'XMCC1501', Rev: 0, Len: 84
10:747  0:000    12. 8CEE9000: 'ASF!', 'XMCC1501', Rev: 32, Len: 165
10:747  0:000    13. 8CEE8000: 'ASPT', 'XMCC1501', Rev: 7, Len: 52
10:747  0:000    14. 8CEE7000: 'BOOT', 'XMCC1501', Rev: 1, Len: 40
10:747  0:000    15. 8CEE6000: 'DBGP', 'XMCC1501', Rev: 1, Len: 52
10:747  0:000    16. 8CEE4000: 'HPET', 'XMCC1501', Rev: 1, Len: 56
10:747  0:000    17. 8CEE3000: 'LPIT', 'XMCC1501', Rev: 1, Len: 148
10:747  0:000    18. 8CEE2000: 'APIC', 'XMCC1501', Rev: 3, Len: 188
10:747  0:000    19. 8CEE1000: 'MCFG', 'XMCC1501', Rev: 1, Len: 60
10:747  0:000    20. 8CEC1000: 'SSDT', 'XMCC1501', Rev: 1, Len: 724
10:747  0:000    21. 8CEBD000: 'SSDT', 'XMCC1501', Rev: 2, Len: 11182
10:747  0:000    22. 8CEBC000: 'SSDT', 'XMCC1501', Rev: 2, Len: 477
10:747  0:000    23. 8CEBB000: 'SSDT', 'XMCC1501', Rev: 2, Len: 410
10:747  0:000    24. 8CEBA000: 'SSDT', 'XMCC1501', Rev: 2, Len: 2889
10:747  0:000    25. 8CEB9000: 'SSDT', 'XMCC1501', Rev: 2, Len: 1187
10:747  0:000    26. 8CEB8000: 'SSDT', 'XMCC1501', Rev: 2, Len: 3699
10:747  0:000    27. 8CEB7000: 'DMAR', 'XMCC1501', Rev: 1, Len: 240
10:747  0:000    28. 8CEB6000: 'FPDT', 'XMCC1501', Rev: 1, Len: 68
10:747  0:000    29. 8CEB4000: 'WPBT', 'XMCC1501', Rev: 1, Len: 76
10:747  0:000    30. 8CEB3000: 'BGRT', 'XMCC1501', Rev: 1, Len: 56
10:747  0:000    Tables in Rsdt: 31
10:747  0:000    0. 8CEE5000: 'FACP', 'XMCC1501', Rev: 5, Len: 244
10:747  0:000        (Dsdt: 8CEC2000, Facs: 8CE4E000, XDsdt: 8CEC2000, XFacs: 0)
10:747  0:000        8CEC2000: 'DSDT', 'XMCC1501', Rev: 2, Len: 123559
10:752  0:004        8CE4E000: 'FACS', Ver: 2, Len: 64
10:752  0:000    1. 8CEFC000: 'TCPA', 'XMCC1501', Rev: 2, Len: 50
10:752  0:000    2. 8CEFB000: 'UEFI', 'XMCC1501', Rev: 1, Len: 566
10:752  0:000    3. 8CEFA000: 'UEFI', 'XMCC1501', Rev: 1, Len: 66
10:752  0:000    4. 8CEF9000: 'SSDT', 'XMCC1501', Rev: 2, Len: 1207
10:752  0:000    5. 8CEF8000: 'SSDT', 'XMCC1501', Rev: 2, Len: 75
10:752  0:000    6. 8CEF7000: 'TPM2', 'XMCC1501', Rev: 3, Len: 52
10:752  0:000    7. 8CEF6000: 'MSDM', 'XMCC1501', Rev: 3, Len: 85
10:752  0:000    8. 8CEF0000: 'SSDT', 'XMCC1501', Rev: 2, Len: 21230
10:752  0:000    9. 8CEEC000: 'SSDT', 'XMCC1501', Rev: 2, Len: 13175
10:752  0:000    10. 8CEEB000: 'DBGP', 'XMCC1501', Rev: 1, Len: 52
10:752  0:000    11. 8CEEA000: 'DBG2', 'XMCC1501', Rev: 0, Len: 84
10:752  0:000    12. 8CEE9000: 'ASF!', 'XMCC1501', Rev: 32, Len: 165
10:752  0:000    13. 8CEE8000: 'ASPT', 'XMCC1501', Rev: 7, Len: 52
10:752  0:000    14. 8CEE7000: 'BOOT', 'XMCC1501', Rev: 1, Len: 40
10:752  0:000    15. 8CEE6000: 'DBGP', 'XMCC1501', Rev: 1, Len: 52
10:752  0:000    16. 8CEE4000: 'HPET', 'XMCC1501', Rev: 1, Len: 56
10:752  0:000    17. 8CEE3000: 'LPIT', 'XMCC1501', Rev: 1, Len: 148
10:752  0:000    18. 8CEE2000: 'APIC', 'XMCC1501', Rev: 3, Len: 188
10:752  0:000    19. 8CEE1000: 'MCFG', 'XMCC1501', Rev: 1, Len: 60
10:752  0:000    20. 8CEC1000: 'SSDT', 'XMCC1501', Rev: 1, Len: 724
10:752  0:000    21. 8CEBD000: 'SSDT', 'XMCC1501', Rev: 2, Len: 11182
10:752  0:000    22. 8CEBC000: 'SSDT', 'XMCC1501', Rev: 2, Len: 477
10:752  0:000    23. 8CEBB000: 'SSDT', 'XMCC1501', Rev: 2, Len: 410
10:752  0:000    24. 8CEBA000: 'SSDT', 'XMCC1501', Rev: 2, Len: 2889
10:752  0:000    25. 8CEB9000: 'SSDT', 'XMCC1501', Rev: 2, Len: 1187
10:752  0:000    26. 8CEB8000: 'SSDT', 'XMCC1501', Rev: 2, Len: 3699
10:752  0:000    27. 8CEB7000: 'DMAR', 'XMCC1501', Rev: 1, Len: 240
10:752  0:000    28. 8CEB6000: 'FPDT', 'XMCC1501', Rev: 1, Len: 68
10:752  0:000    29. 8CEB4000: 'WPBT', 'XMCC1501', Rev: 1, Len: 76
10:752  0:000    30. 8CEB3000: 'BGRT', 'XMCC1501', Rev: 1, Len: 56
10:772  0:020  Found UEFI Acpi 2.0 RSDP at 8CEFD014
10:772  0:000  Saving ACPI tables from RSDP 8CEFD014 to EFI\CLOVER\ACPI\origin ...
10:772  0:000   8CEFD014: 'RSD PTR ', Rev: 2 (Acpi 2.0 or newer), Len: 36
10:772  0:000    (Xsdt: 8CEC0188, Rsdt: 8CEC00C4)
10:772  0:000    8CEC0188: 'XSDT', 'XMCC1501', Rev: 1, Len: 284
10:772  0:000    8CEC00C4: 'RSDT', 'XMCC1501', Rev: 1, Len: 160
10:772  0:000    Tables in Xsdt: 31
10:772  0:000    0. 8CEE5000: 'FACP', 'XMCC1501', Rev: 5, Len: 244
10:772  0:000        (Dsdt: 8CEC2000, Facs: 8CE4E000, XDsdt: 8CEC2000, XFacs: 0)
10:772  0:000        8CEC2000: 'DSDT', 'XMCC1501', Rev: 2, Len: 123559
10:777  0:004        8CE4E000: 'FACS', Ver: 2, Len: 64
10:777  0:000    1. 8CEFC000: 'TCPA', 'XMCC1501', Rev: 2, Len: 50
10:777  0:000    2. 8CEFB000: 'UEFI', 'XMCC1501', Rev: 1, Len: 566
10:777  0:000    3. 8CEFA000: 'UEFI', 'XMCC1501', Rev: 1, Len: 66
10:777  0:000    4. 8CEF9000: 'SSDT', 'XMCC1501', Rev: 2, Len: 1207
10:777  0:000    5. 8CEF8000: 'SSDT', 'XMCC1501', Rev: 2, Len: 75
10:777  0:000    6. 8CEF7000: 'TPM2', 'XMCC1501', Rev: 3, Len: 52
10:777  0:000    7. 8CEF6000: 'MSDM', 'XMCC1501', Rev: 3, Len: 85
10:777  0:000    8. 8CEF0000: 'SSDT', 'XMCC1501', Rev: 2, Len: 21230
10:777  0:000    9. 8CEEC000: 'SSDT', 'XMCC1501', Rev: 2, Len: 13175
10:777  0:000    10. 8CEEB000: 'DBGP', 'XMCC1501', Rev: 1, Len: 52
10:777  0:000    11. 8CEEA000: 'DBG2', 'XMCC1501', Rev: 0, Len: 84
10:777  0:000    12. 8CEE9000: 'ASF!', 'XMCC1501', Rev: 32, Len: 165
10:777  0:000    13. 8CEE8000: 'ASPT', 'XMCC1501', Rev: 7, Len: 52
10:777  0:000    14. 8CEE7000: 'BOOT', 'XMCC1501', Rev: 1, Len: 40
10:777  0:000    15. 8CEE6000: 'DBGP', 'XMCC1501', Rev: 1, Len: 52
10:777  0:000    16. 8CEE4000: 'HPET', 'XMCC1501', Rev: 1, Len: 56
10:777  0:000    17. 8CEE3000: 'LPIT', 'XMCC1501', Rev: 1, Len: 148
10:777  0:000    18. 8CEE2000: 'APIC', 'XMCC1501', Rev: 3, Len: 188
10:777  0:000    19. 8CEE1000: 'MCFG', 'XMCC1501', Rev: 1, Len: 60
10:777  0:000    20. 8CEC1000: 'SSDT', 'XMCC1501', Rev: 1, Len: 724
10:777  0:000    21. 8CEBD000: 'SSDT', 'XMCC1501', Rev: 2, Len: 11182
10:777  0:000    22. 8CEBC000: 'SSDT', 'XMCC1501', Rev: 2, Len: 477
10:777  0:000    23. 8CEBB000: 'SSDT', 'XMCC1501', Rev: 2, Len: 410
10:777  0:000    24. 8CEBA000: 'SSDT', 'XMCC1501', Rev: 2, Len: 2889
10:777  0:000    25. 8CEB9000: 'SSDT', 'XMCC1501', Rev: 2, Len: 1187
10:777  0:000    26. 8CEB8000: 'SSDT', 'XMCC1501', Rev: 2, Len: 3699
10:777  0:000    27. 8CEB7000: 'DMAR', 'XMCC1501', Rev: 1, Len: 240
10:777  0:000    28. 8CEB6000: 'FPDT', 'XMCC1501', Rev: 1, Len: 68
10:777  0:000    29. 8CEB4000: 'WPBT', 'XMCC1501', Rev: 1, Len: 76
10:777  0:000    30. 8CEB3000: 'BGRT', 'XMCC1501', Rev: 1, Len: 56
10:777  0:000    Tables in Rsdt: 31
10:777  0:000    0. 8CEE5000: 'FACP', 'XMCC1501', Rev: 5, Len: 244
10:777  0:000        (Dsdt: 8CEC2000, Facs: 8CE4E000, XDsdt: 8CEC2000, XFacs: 0)
10:777  0:000        8CEC2000: 'DSDT', 'XMCC1501', Rev: 2, Len: 123559
10:782  0:004        8CE4E000: 'FACS', Ver: 2, Len: 64
10:782  0:000    1. 8CEFC000: 'TCPA', 'XMCC1501', Rev: 2, Len: 50
10:782  0:000    2. 8CEFB000: 'UEFI', 'XMCC1501', Rev: 1, Len: 566
10:782  0:000    3. 8CEFA000: 'UEFI', 'XMCC1501', Rev: 1, Len: 66
10:782  0:000    4. 8CEF9000: 'SSDT', 'XMCC1501', Rev: 2, Len: 1207
10:782  0:000    5. 8CEF8000: 'SSDT', 'XMCC1501', Rev: 2, Len: 75
10:782  0:000    6. 8CEF7000: 'TPM2', 'XMCC1501', Rev: 3, Len: 52
10:782  0:000    7. 8CEF6000: 'MSDM', 'XMCC1501', Rev: 3, Len: 85
10:782  0:000    8. 8CEF0000: 'SSDT', 'XMCC1501', Rev: 2, Len: 21230
10:782  0:000    9. 8CEEC000: 'SSDT', 'XMCC1501', Rev: 2, Len: 13175
10:782  0:000    10. 8CEEB000: 'DBGP', 'XMCC1501', Rev: 1, Len: 52
10:782  0:000    11. 8CEEA000: 'DBG2', 'XMCC1501', Rev: 0, Len: 84
10:782  0:000    12. 8CEE9000: 'ASF!', 'XMCC1501', Rev: 32, Len: 165
10:782  0:000    13. 8CEE8000: 'ASPT', 'XMCC1501', Rev: 7, Len: 52
10:782  0:000    14. 8CEE7000: 'BOOT', 'XMCC1501', Rev: 1, Len: 40
10:782  0:000    15. 8CEE6000: 'DBGP', 'XMCC1501', Rev: 1, Len: 52
10:782  0:000    16. 8CEE4000: 'HPET', 'XMCC1501', Rev: 1, Len: 56
10:782  0:000    17. 8CEE3000: 'LPIT', 'XMCC1501', Rev: 1, Len: 148
10:782  0:000    18. 8CEE2000: 'APIC', 'XMCC1501', Rev: 3, Len: 188
10:782  0:000    19. 8CEE1000: 'MCFG', 'XMCC1501', Rev: 1, Len: 60
10:782  0:000    20. 8CEC1000: 'SSDT', 'XMCC1501', Rev: 1, Len: 724
10:782  0:000    21. 8CEBD000: 'SSDT', 'XMCC1501', Rev: 2, Len: 11182
10:782  0:000    22. 8CEBC000: 'SSDT', 'XMCC1501', Rev: 2, Len: 477
10:782  0:000    23. 8CEBB000: 'SSDT', 'XMCC1501', Rev: 2, Len: 410
10:782  0:000    24. 8CEBA000: 'SSDT', 'XMCC1501', Rev: 2, Len: 2889
10:782  0:000    25. 8CEB9000: 'SSDT', 'XMCC1501', Rev: 2, Len: 1187
10:782  0:000    26. 8CEB8000: 'SSDT', 'XMCC1501', Rev: 2, Len: 3699
10:782  0:000    27. 8CEB7000: 'DMAR', 'XMCC1501', Rev: 1, Len: 240
10:782  0:000    28. 8CEB6000: 'FPDT', 'XMCC1501', Rev: 1, Len: 68
10:782  0:000    29. 8CEB4000: 'WPBT', 'XMCC1501', Rev: 1, Len: 76
10:782  0:000    30. 8CEB3000: 'BGRT', 'XMCC1501', Rev: 1, Len: 56
24:176  13:394  ParseBootOption: invalid boot variable
24:176  0:000  BootVariable of the entry is empty
24:176  0:000  === [ StartLoader ] =======================================
24:176  0:000  Finally: ExternalClock=26MHz BusSpeed=101000kHz CPUFreq=1515MHz PIS: hw.busfrequency=104000000Hz
24:176  0:000  Loading boot.efi  status=Success
24:294  0:117  GetOSVersion: 10.14 (18A336e)
24:294  0:000  CSR_CFG: CSR_ALLOW_UNTRUSTED_KEXTS | CSR_ALLOW_UNRESTRICTED_FS | CSR_ALLOW_TASK_FOR_PID | CSR_ALLOW_UNRESTRICTED_DTRACE | CSR_ALLOW_UNRESTRICTED_NVRAM
24:294  0:000  Filtering KextPatches:
24:294  0:000   - [00]: com.apple.driver.AppleIntelSKLGraphicsFramebuffer (Disable minStolenSize less or equal fStolenMemorySize assertion, 10.14 Credits (Sniki)) :: BinPatch :: [OS: 10.14 | MatchOS: All | MatchBuild: All] ==> disabled by user
24:294  0:000   - [01]: com.apple.driver.AppleBacklight (change F%uT%04x to F%uTxxxx in AppleBacklightInjector.kext (credit RehabMan)) :: BinPatch :: [OS: 10.14 | MatchOS: All | MatchBuild: All] ==> allowed
24:294  0:000   - [02]: com.apple.driver.AppleIntelSKLGraphicsFramebuffer (0x19160000/etc, 32MB BIOS, 19MB framebuffer 9MB cursor bytes (credit RehabMan)) :: BinPatch :: [OS: 10.14 | MatchOS: All | MatchBuild: All] ==> disabled by user
24:294  0:000   - [03]: com.apple.driver.AppleIntelSKLGraphicsFramebuffer (eDP, port 0000, 0x191e0000, 0x19160000, 0x19260000, 0x19270000, 0x191b0000, 0x19160002, 0x19260002, 0x191e0003, 0x19260004, 0x19270004, 0x193b0005 credit syscl) :: BinPatch :: [OS: 10.14 | MatchOS: All | MatchBuild: All] ==> disabled by user
24:294  0:000   - [04]: com.apple.driver.AppleIntelSKLGraphicsFramebuffer (Enable lid wake for 0x19260002 credit syscl/lighting/Yating Zhou) :: BinPatch :: [OS: 10.14 | MatchOS: All | MatchBuild: All] ==> disabled by user
24:294  0:000   - [05]: com.apple.driver.AppleIntelSKLGraphicsFramebuffer (Enable lid wake for 0x19260004 credit syscl/lighting/Yating Zhou) :: BinPatch :: [OS: 10.14 | MatchOS: All | MatchBuild: All] ==> disabled by user
24:294  0:000  Filtering KernelPatches:
24:294  0:000   - [00]: MSR 0xE2 _xcpm_idle instant reboot(c) Pike R. Alpha :: [OS: 10.14 | MatchOS: All | MatchBuild: no] ==> allowed by OS
24:294  0:000  Will not patch boot.efi
24:294  0:000  === [ PatchSmbios ] =======================================
24:294  0:000  insert table 9 for dev 0:0
24:296  0:001  Injecting user memory modules to SMBIOS
24:296  0:000  Channels: 1
24:296  0:000  Interleave: 0 1 2 3 4 5 6 7 8 9 10 11 12 13 14 15 16 17 18 19 20 21 22 23
24:296  0:000  BANK 0 DIMM0 1866MHz 2048MB
24:296  0:000  BANK 1 DIMM1 1866MHz 2048MB
24:296  0:000  mTotalSystemMemory = 4096
24:296  0:000  NumberOfMemoryDevices = 2
24:296  0:000  Type20[0]->End = 0x1FFFFF, Type17[0] = 0x800
24:296  0:000  Type20[1]->End = 0x1FFFFF, Type17[1] = 0x1800
24:296  0:000  Table 131 is present, CPUType=31
24:296  0:000  Change to: C05
24:296  0:000  Table 133 is present, PlatformFeature=4D495401
24:296  0:000  Change to: 1A
24:296  0:000  === [ PatchACPI ] =========================================
24:296  0:000  Xsdt reallocation done
24:296  0:000  old FADT length=F4
24:296  0:000   SignatureFixup: 0xFBA654F3 -> 0x0
24:296  0:000  Apply DsdtFixMask=0x00000010
24:296  0:000     drop _DSM mask=0x0000
24:296  0:000  === [ FixBiosDsdt ] =======================================
24:296  0:000  VideoCard devID=0x191E8086
24:296  0:000  DisplayADR1[0] = 0x20000, DisplayADR2[0] = 0xFFFE
24:296  0:000  USBADR[0] = 0x140000 and PCIe = 0xFFFE
24:296  0:000  Audio HDA (addr:0x1F0003) setting specified layout-id=3 (0x3)
24:296  0:000  Patching DSDT:
24:296  0:000   - [change PCI0.VID to IGPU #2 (Thinkpad), optionally pair with SSDT-IGPU.aml]: pattern 5649445F, bin not found / already patched!
24:297  0:000   - [change PCI0.VID to IGPU #1 (Thinkpad), optionally pair with SSDT-IGPU.aml]: pattern 50434930, bin not found / already patched!
24:297  0:000   - [change Method(_PTS,1,N) to ZPTS, pair with SSDT-PTSWAK.aml]: pattern 5F505453, patched at: [ (FB3A) ]
24:297  0:000   - [change Method(_WAK,1,S) to ZWAK, pair with SSDT-PTSWAK.aml]: pattern 5F57414B, patched at: [ (FC2B) ]
24:298  0:000   - [change LANC Method(_PRW,0,S) to Method(XPRW,0,..), pair with SSDT-LANCPRW.aml]: pattern 00001900, bin not found / already patched!
24:298  0:000   - [change _DSM to XSDM]: pattern 5F44534D, patched at: [ (2720) (2152) (8B) (52) (C97) (2A7) (B07) (4AD) (11) (51) (22) (21) (15) (14) (10D) (369) (369) (369) (369) (369) (369) (369) (369) (359) (369) (369) (369) (369) (369) (369) (369) (369) (369) (369) (27A) (149E) (F1) (F1) (F1) (F1) (F1) (DA) (DA) (E8) (131) (131) (26A) (FD0) (14A) (A1) (2F) (1890) (1573) (34D1) (51A) (51A) (51A) (51A) (51A) (51A) (51A) (51A) (51A) (51A) (51A) (51A) (51A) (51A) (51A) (51A) (51A) (51A) (51A) (260D) (132D) (3AF) ]
24:299  0:000   - [change ADBG to XDBG]: pattern 41444247, patched at: [ (1D9D5) ]
24:299  0:000   - [change LGPA to XGPA]: pattern 4C475041, patched at: [ (E921) ]
24:299  0:000   - [change HDAS to HDEF]: pattern 48444153, patched at: [ (462E) (2085) (8E) (D) (A1) (6A) ]
24:299  0:000   - [change _OSI to XOSI, pair with SSDT-XOSI.aml]: pattern 5F4F5349, patched at: [ (1070A) (3) (11) (18) (1C) (1C) (1A) (18) (18) (18) (18) (231D) ]
24:300  0:000   - [Rename GFX0 to IGPU]: pattern 47465830, patched at: [ (2709) (BE3C) (10) (457) (16) (432A) (155D) (14) (67BF) (1654) ]
24:300  0:000   - [change MEI to IMEI]: pattern 4D45495F, bin not found / already patched!
24:301  0:000   - [change HECI to IMEI]: pattern 48454349, patched at: [ (E0AE) ]
24:301  0:000   - [change SAT0 to SATA, optionally pair with SSDT-SATA.aml]: pattern 53415430, patched at: [ (ADC9) (30) (FC73) (1545) (F2) (4E2) (2A) (29) (2E) (2E) (2E) ]
24:302  0:000   - [change Method(GPRW,2,N) to XPRW, pair with SSDT-GPRW.aml]: pattern 47505257, patched at: [ (10C62) ]
24:302  0:000    0 replacements
24:302  0:000  first CPU found at 1282A offset 1282D
24:302  0:000  score candidate at 12826
24:302  0:000  score inserted in acpi_cpu_score _PR_
24:302  0:000  Found ACPI CPU: CPU0 | CPU1 | CPU2 | CPU3 | CPU4 | CPU5 | CPU6 | CPU7 , within the score: _PR_
24:303  0:001  Start HPET Fix
24:305  0:001  PreCleanup XSDT: count=31, length=284
24:305  0:000  PreCleanup XSDT, corrected XSDT: count=31, length=284
24:305  0:000  === [ ACPIPatchedAML ] ====================================
24:305  0:000  AutoMerge pass 1
24:305  0:000  Unsorted
24:305  0:000  Inserting SSDT-LGPA.aml from EFI\CLOVER\ACPI\patched: ignore on pass 1
24:305  0:000  Inserting SSDT-XHC.aml from EFI\CLOVER\ACPI\patched: ignore on pass 1
24:305  0:000  Inserting SSDT-PNLF.aml from EFI\CLOVER\ACPI\patched: ignore on pass 1
24:305  0:000  Inserting SSDT-SMBUS.aml from EFI\CLOVER\ACPI\patched: ignore on pass 1
24:305  0:000  Inserting SSDT-SATA.aml from EFI\CLOVER\ACPI\patched: ignore on pass 1
24:305  0:000  Inserting SSDT-ADBG.aml from EFI\CLOVER\ACPI\patched: ignore on pass 1
24:305  0:000  Inserting SSDT-IMEI.aml from EFI\CLOVER\ACPI\patched: ignore on pass 1
24:305  0:000  Inserting SSDT-LPC.aml from EFI\CLOVER\ACPI\patched: ignore on pass 1
24:305  0:000  Inserting SSDT-XOSI.aml from EFI\CLOVER\ACPI\patched: ignore on pass 1
24:305  0:000  Inserting SSDT-RMCF.aml from EFI\CLOVER\ACPI\patched: ignore on pass 1
24:305  0:000  Inserting SSDT-GPRW.aml from EFI\CLOVER\ACPI\patched: ignore on pass 1
24:305  0:000  Inserting SSDT-LANCPRW.aml from EFI\CLOVER\ACPI\patched: ignore on pass 1
24:305  0:000  Inserting SSDT-PTSWAK.aml from EFI\CLOVER\ACPI\patched: ignore on pass 1
24:305  0:000  Inserting ssdt-rmne.aml from EFI\CLOVER\ACPI\patched: ignore on pass 1
24:305  0:000  Inserting SSDT-ALS0.aml from EFI\CLOVER\ACPI\patched: ignore on pass 1
24:305  0:000  === [ ACPIDropTables ] ====================================
24:305  0:000  Drop tables from XSDT, SIGN=DMAR TableID=XMCC1501 Length=240
24:305  0:000   Table[27]: DMAR  XMCC1501  240 dropped
24:305  0:000  0. [change PCI0.VID to IGPU #2 (Thinkpad), optionally pair with SSDT-IGPU.aml]: pattern 5649445F, bin not found / already patched!
24:305  0:000  1. [change PCI0.VID to IGPU #1 (Thinkpad), optionally pair with SSDT-IGPU.aml]: pattern 50434930, bin not found / already patched!
24:305  0:000  2. [change Method(_PTS,1,N) to ZPTS, pair with SSDT-PTSWAK.aml]: pattern 5F505453, bin not found / already patched!
24:305  0:000  3. [change Method(_WAK,1,S) to ZWAK, pair with SSDT-PTSWAK.aml]: pattern 5F57414B, bin not found / already patched!
24:305  0:000  4. [change LANC Method(_PRW,0,S) to Method(XPRW,0,..), pair with SSDT-LANCPRW.aml]: pattern 00001900, bin not found / already patched!
24:305  0:000  5. [change _DSM to XSDM]: pattern 5F44534D, patched at: [ (419) ]
24:305  0:000  6. [change ADBG to XDBG]: pattern 41444247, bin not found / already patched!
24:305  0:000  7. [change LGPA to XGPA]: pattern 4C475041, bin not found / already patched!
24:305  0:000  8. [change HDAS to HDEF]: pattern 48444153, bin not found / already patched!
24:305  0:000  9. [change _OSI to XOSI, pair with SSDT-XOSI.aml]: pattern 5F4F5349, bin not found / already patched!
24:305  0:000  10. [Rename GFX0 to IGPU]: pattern 47465830, bin not found / already patched!
24:305  0:000  11. [change MEI to IMEI]: pattern 4D45495F, bin not found / already patched!
24:305  0:000  12. [change HECI to IMEI]: pattern 48454349, bin not found / already patched!
24:305  0:000  13. [change SAT0 to SATA, optionally pair with SSDT-SATA.aml]: pattern 53415430, bin not found / already patched!
24:305  0:000  14. [change Method(GPRW,2,N) to XPRW, pair with SSDT-GPRW.aml]: pattern 47505257, bin not found / already patched!
24:305  0:000    0 replacements
24:305  0:000  Found OperationRegion(TPMR, SystemMemory, FED40000, ...)
24:305  0:000  Found OperationRegion(FHCI, SystemMemory, FED40000, ...)
24:305  0:000  Found OperationRegion(TNVS, SystemMemory, 8CE65000, ...)
24:305  0:000  0. [change PCI0.VID to IGPU #2 (Thinkpad), optionally pair with SSDT-IGPU.aml]: pattern 5649445F, bin not found / already patched!
24:305  0:000  1. [change PCI0.VID to IGPU #1 (Thinkpad), optionally pair with SSDT-IGPU.aml]: pattern 50434930, bin not found / already patched!
24:305  0:000  2. [change Method(_PTS,1,N) to ZPTS, pair with SSDT-PTSWAK.aml]: pattern 5F505453, bin not found / already patched!
24:305  0:000  3. [change Method(_WAK,1,S) to ZWAK, pair with SSDT-PTSWAK.aml]: pattern 5F57414B, bin not found / already patched!
24:305  0:000  4. [change LANC Method(_PRW,0,S) to Method(XPRW,0,..), pair with SSDT-LANCPRW.aml]: pattern 00001900, bin not found / already patched!
24:305  0:000  5. [change _DSM to XSDM]: pattern 5F44534D, bin not found / already patched!
24:305  0:000  6. [change ADBG to XDBG]: pattern 41444247, bin not found / already patched!
24:305  0:000  7. [change LGPA to XGPA]: pattern 4C475041, bin not found / already patched!
24:305  0:000  8. [change HDAS to HDEF]: pattern 48444153, bin not found / already patched!
24:305  0:000  9. [change _OSI to XOSI, pair with SSDT-XOSI.aml]: pattern 5F4F5349, bin not found / already patched!
24:305  0:000  10. [Rename GFX0 to IGPU]: pattern 47465830, bin not found / already patched!
24:305  0:000  11. [change MEI to IMEI]: pattern 4D45495F, bin not found / already patched!
24:305  0:000  12. [change HECI to IMEI]: pattern 48454349, bin not found / already patched!
24:305  0:000  13. [change SAT0 to SATA, optionally pair with SSDT-SATA.aml]: pattern 53415430, bin not found / already patched!
24:305  0:000  14. [change Method(GPRW,2,N) to XPRW, pair with SSDT-GPRW.aml]: pattern 47505257, bin not found / already patched!
24:305  0:000    0 replacements
24:305  0:000  Found OperationRegion(MENV, SystemMemory, 8CE64F98, ...)
24:305  0:000  0. [change PCI0.VID to IGPU #2 (Thinkpad), optionally pair with SSDT-IGPU.aml]: pattern 5649445F, bin not found / already patched!
24:305  0:000  1. [change PCI0.VID to IGPU #1 (Thinkpad), optionally pair with SSDT-IGPU.aml]: pattern 50434930, bin not found / already patched!
24:306  0:000  2. [change Method(_PTS,1,N) to ZPTS, pair with SSDT-PTSWAK.aml]: pattern 5F505453, bin not found / already patched!
24:306  0:000  3. [change Method(_WAK,1,S) to ZWAK, pair with SSDT-PTSWAK.aml]: pattern 5F57414B, bin not found / already patched!
24:306  0:000  4. [change LANC Method(_PRW,0,S) to Method(XPRW,0,..), pair with SSDT-LANCPRW.aml]: pattern 00001900, bin not found / already patched!
24:306  0:000  5. [change _DSM to XSDM]: pattern 5F44534D, patched at: [ (3B5) (343) (343) (2BEB) ]
24:306  0:000  6. [change ADBG to XDBG]: pattern 41444247, bin not found / already patched!
24:306  0:000  7. [change LGPA to XGPA]: pattern 4C475041, bin not found / already patched!
24:306  0:000  8. [change HDAS to HDEF]: pattern 48444153, bin not found / already patched!
24:306  0:000  9. [change _OSI to XOSI, pair with SSDT-XOSI.aml]: pattern 5F4F5349, bin not found / already patched!
24:306  0:000  10. [Rename GFX0 to IGPU]: pattern 47465830, patched at: [ (CFE) (1C8A) (A66) (1D) (716) ]
24:306  0:000  11. [change MEI to IMEI]: pattern 4D45495F, bin not found / already patched!
24:306  0:000  12. [change HECI to IMEI]: pattern 48454349, bin not found / already patched!
24:306  0:000  13. [change SAT0 to SATA, optionally pair with SSDT-SATA.aml]: pattern 53415430, bin not found / already patched!
24:306  0:000  14. [change Method(GPRW,2,N) to XPRW, pair with SSDT-GPRW.aml]: pattern 47505257, bin not found / already patched!
24:306  0:000    0 replacements
24:306  0:000  Found OperationRegion(SANV, SystemMemory, 8CE62D98, ...)
24:306  0:000  0. [change PCI0.VID to IGPU #2 (Thinkpad), optionally pair with SSDT-IGPU.aml]: pattern 5649445F, bin not found / already patched!
24:307  0:000  1. [change PCI0.VID to IGPU #1 (Thinkpad), optionally pair with SSDT-IGPU.aml]: pattern 50434930, bin not found / already patched!
24:307  0:000  2. [change Method(_PTS,1,N) to ZPTS, pair with SSDT-PTSWAK.aml]: pattern 5F505453, bin not found / already patched!
24:307  0:000  3. [change Method(_WAK,1,S) to ZWAK, pair with SSDT-PTSWAK.aml]: pattern 5F57414B, bin not found / already patched!
24:307  0:000  4. [change LANC Method(_PRW,0,S) to Method(XPRW,0,..), pair with SSDT-LANCPRW.aml]: pattern 00001900, bin not found / already patched!
24:307  0:000  5. [change _DSM to XSDM]: pattern 5F44534D, bin not found / already patched!
24:307  0:000  6. [change ADBG to XDBG]: pattern 41444247, bin not found / already patched!
24:307  0:000  7. [change LGPA to XGPA]: pattern 4C475041, bin not found / already patched!
24:307  0:000  8. [change HDAS to HDEF]: pattern 48444153, bin not found / already patched!
24:307  0:000  9. [change _OSI to XOSI, pair with SSDT-XOSI.aml]: pattern 5F4F5349, bin not found / already patched!
24:307  0:000  10. [Rename GFX0 to IGPU]: pattern 47465830, patched at: [ (29A1) (15) (25) (14) (1F) (15) (22) (15) ]
24:307  0:000  11. [change MEI to IMEI]: pattern 4D45495F, bin not found / already patched!
24:307  0:000  12. [change HECI to IMEI]: pattern 48454349, bin not found / already patched!
24:307  0:000  13. [change SAT0 to SATA, optionally pair with SSDT-SATA.aml]: pattern 53415430, bin not found / already patched!
24:307  0:000  14. [change Method(GPRW,2,N) to XPRW, pair with SSDT-GPRW.aml]: pattern 47505257, bin not found / already patched!
24:307  0:000    0 replacements
24:307  0:000  0. [change PCI0.VID to IGPU #2 (Thinkpad), optionally pair with SSDT-IGPU.aml]: pattern 5649445F, bin not found / already patched!
24:307  0:000  1. [change PCI0.VID to IGPU #1 (Thinkpad), optionally pair with SSDT-IGPU.aml]: pattern 50434930, bin not found / already patched!
24:307  0:000  2. [change Method(_PTS,1,N) to ZPTS, pair with SSDT-PTSWAK.aml]: pattern 5F505453, bin not found / already patched!
24:307  0:000  3. [change Method(_WAK,1,S) to ZWAK, pair with SSDT-PTSWAK.aml]: pattern 5F57414B, bin not found / already patched!
24:307  0:000  4. [change LANC Method(_PRW,0,S) to Method(XPRW,0,..), pair with SSDT-LANCPRW.aml]: pattern 00001900, bin not found / already patched!
24:307  0:000  5. [change _DSM to XSDM]: pattern 5F44534D, patched at: [ (60) ]
24:307  0:000  6. [change ADBG to XDBG]: pattern 41444247, bin not found / already patched!
24:307  0:000  7. [change LGPA to XGPA]: pattern 4C475041, bin not found / already patched!
24:307  0:000  8. [change HDAS to HDEF]: pattern 48444153, bin not found / already patched!
24:307  0:000  9. [change _OSI to XOSI, pair with SSDT-XOSI.aml]: pattern 5F4F5349, bin not found / already patched!
24:307  0:000  10. [Rename GFX0 to IGPU]: pattern 47465830, bin not found / already patched!
24:307  0:000  11. [change MEI to IMEI]: pattern 4D45495F, bin not found / already patched!
24:307  0:000  12. [change HECI to IMEI]: pattern 48454349, bin not found / already patched!
24:307  0:000  13. [change SAT0 to SATA, optionally pair with SSDT-SATA.aml]: pattern 53415430, bin not found / already patched!
24:307  0:000  14. [change Method(GPRW,2,N) to XPRW, pair with SSDT-GPRW.aml]: pattern 47505257, bin not found / already patched!
24:307  0:000    0 replacements
24:307  0:000  0. [change PCI0.VID to IGPU #2 (Thinkpad), optionally pair with SSDT-IGPU.aml]: pattern 5649445F, bin not found / already patched!
24:308  0:000  1. [change PCI0.VID to IGPU #1 (Thinkpad), optionally pair with SSDT-IGPU.aml]: pattern 50434930, bin not found / already patched!
24:308  0:000  2. [change Method(_PTS,1,N) to ZPTS, pair with SSDT-PTSWAK.aml]: pattern 5F505453, bin not found / already patched!
24:308  0:000  3. [change Method(_WAK,1,S) to ZWAK, pair with SSDT-PTSWAK.aml]: pattern 5F57414B, bin not found / already patched!
24:308  0:000  4. [change LANC Method(_PRW,0,S) to Method(XPRW,0,..), pair with SSDT-LANCPRW.aml]: pattern 00001900, bin not found / already patched!
24:308  0:000  5. [change _DSM to XSDM]: pattern 5F44534D, bin not found / already patched!
24:308  0:000  6. [change ADBG to XDBG]: pattern 41444247, bin not found / already patched!
24:308  0:000  7. [change LGPA to XGPA]: pattern 4C475041, bin not found / already patched!
24:308  0:000  8. [change HDAS to HDEF]: pattern 48444153, bin not found / already patched!
24:308  0:000  9. [change _OSI to XOSI, pair with SSDT-XOSI.aml]: pattern 5F4F5349, bin not found / already patched!
24:308  0:000  10. [Rename GFX0 to IGPU]: pattern 47465830, bin not found / already patched!
24:308  0:000  11. [change MEI to IMEI]: pattern 4D45495F, bin not found / already patched!
24:308  0:000  12. [change HECI to IMEI]: pattern 48454349, bin not found / already patched!
24:308  0:000  13. [change SAT0 to SATA, optionally pair with SSDT-SATA.aml]: pattern 53415430, bin not found / already patched!
24:308  0:000  14. [change Method(GPRW,2,N) to XPRW, pair with SSDT-GPRW.aml]: pattern 47505257, bin not found / already patched!
24:308  0:000    0 replacements
24:308  0:000  0. [change PCI0.VID to IGPU #2 (Thinkpad), optionally pair with SSDT-IGPU.aml]: pattern 5649445F, bin not found / already patched!
24:308  0:000  1. [change PCI0.VID to IGPU #1 (Thinkpad), optionally pair with SSDT-IGPU.aml]: pattern 50434930, bin not found / already patched!
24:308  0:000  2. [change Method(_PTS,1,N) to ZPTS, pair with SSDT-PTSWAK.aml]: pattern 5F505453, bin not found / already patched!
24:308  0:000  3. [change Method(_WAK,1,S) to ZWAK, pair with SSDT-PTSWAK.aml]: pattern 5F57414B, bin not found / already patched!
24:308  0:000  4. [change LANC Method(_PRW,0,S) to Method(XPRW,0,..), pair with SSDT-LANCPRW.aml]: pattern 00001900, bin not found / already patched!
24:308  0:000  5. [change _DSM to XSDM]: pattern 5F44534D, bin not found / already patched!
24:308  0:000  6. [change ADBG to XDBG]: pattern 41444247, bin not found / already patched!
24:308  0:000  7. [change LGPA to XGPA]: pattern 4C475041, bin not found / already patched!
24:308  0:000  8. [change HDAS to HDEF]: pattern 48444153, bin not found / already patched!
24:308  0:000  9. [change _OSI to XOSI, pair with SSDT-XOSI.aml]: pattern 5F4F5349, bin not found / already patched!
24:308  0:000  10. [Rename GFX0 to IGPU]: pattern 47465830, bin not found / already patched!
24:308  0:000  11. [change MEI to IMEI]: pattern 4D45495F, bin not found / already patched!
24:308  0:000  12. [change HECI to IMEI]: pattern 48454349, bin not found / already patched!
24:308  0:000  13. [change SAT0 to SATA, optionally pair with SSDT-SATA.aml]: pattern 53415430, bin not found / already patched!
24:308  0:000  14. [change Method(GPRW,2,N) to XPRW, pair with SSDT-GPRW.aml]: pattern 47505257, bin not found / already patched!
24:308  0:000    0 replacements
24:308  0:000  0. [change PCI0.VID to IGPU #2 (Thinkpad), optionally pair with SSDT-IGPU.aml]: pattern 5649445F, bin not found / already patched!
24:308  0:000  1. [change PCI0.VID to IGPU #1 (Thinkpad), optionally pair with SSDT-IGPU.aml]: pattern 50434930, bin not found / already patched!
24:308  0:000  2. [change Method(_PTS,1,N) to ZPTS, pair with SSDT-PTSWAK.aml]: pattern 5F505453, bin not found / already patched!
24:308  0:000  3. [change Method(_WAK,1,S) to ZWAK, pair with SSDT-PTSWAK.aml]: pattern 5F57414B, bin not found / already patched!
24:308  0:000  4. [change LANC Method(_PRW,0,S) to Method(XPRW,0,..), pair with SSDT-LANCPRW.aml]: pattern 00001900, bin not found / already patched!
24:308  0:000  5. [change _DSM to XSDM]: pattern 5F44534D, bin not found / already patched!
24:308  0:000  6. [change ADBG to XDBG]: pattern 41444247, bin not found / already patched!
24:308  0:000  7. [change LGPA to XGPA]: pattern 4C475041, bin not found / already patched!
24:308  0:000  8. [change HDAS to HDEF]: pattern 48444153, bin not found / already patched!
24:308  0:000  9. [change _OSI to XOSI, pair with SSDT-XOSI.aml]: pattern 5F4F5349, bin not found / already patched!
24:308  0:000  10. [Rename GFX0 to IGPU]: pattern 47465830, bin not found / already patched!
24:308  0:000  11. [change MEI to IMEI]: pattern 4D45495F, bin not found / already patched!
24:308  0:000  12. [change HECI to IMEI]: pattern 48454349, bin not found / already patched!
24:308  0:000  13. [change SAT0 to SATA, optionally pair with SSDT-SATA.aml]: pattern 53415430, patched at: [ (1E) ]
24:308  0:000  14. [change Method(GPRW,2,N) to XPRW, pair with SSDT-GPRW.aml]: pattern 47505257, bin not found / already patched!
24:308  0:000    0 replacements
24:308  0:000  0. [change PCI0.VID to IGPU #2 (Thinkpad), optionally pair with SSDT-IGPU.aml]: pattern 5649445F, bin not found / already patched!
24:308  0:000  1. [change PCI0.VID to IGPU #1 (Thinkpad), optionally pair with SSDT-IGPU.aml]: pattern 50434930, bin not found / already patched!
24:308  0:000  2. [change Method(_PTS,1,N) to ZPTS, pair with SSDT-PTSWAK.aml]: pattern 5F505453, bin not found / already patched!
24:308  0:000  3. [change Method(_WAK,1,S) to ZWAK, pair with SSDT-PTSWAK.aml]: pattern 5F57414B, bin not found / already patched!
24:309  0:000  4. [change LANC Method(_PRW,0,S) to Method(XPRW,0,..), pair with SSDT-LANCPRW.aml]: pattern 00001900, bin not found / already patched!
24:309  0:000  5. [change _DSM to XSDM]: pattern 5F44534D, patched at: [ (1D4) ]
24:309  0:000  6. [change ADBG to XDBG]: pattern 41444247, bin not found / already patched!
24:309  0:000  7. [change LGPA to XGPA]: pattern 4C475041, bin not found / already patched!
24:309  0:000  8. [change HDAS to HDEF]: pattern 48444153, bin not found / already patched!
24:309  0:000  9. [change _OSI to XOSI, pair with SSDT-XOSI.aml]: pattern 5F4F5349, bin not found / already patched!
24:309  0:000  10. [Rename GFX0 to IGPU]: pattern 47465830, bin not found / already patched!
24:309  0:000  11. [change MEI to IMEI]: pattern 4D45495F, bin not found / already patched!
24:309  0:000  12. [change HECI to IMEI]: pattern 48454349, bin not found / already patched!
24:309  0:000  13. [change SAT0 to SATA, optionally pair with SSDT-SATA.aml]: pattern 53415430, bin not found / already patched!
24:309  0:000  14. [change Method(GPRW,2,N) to XPRW, pair with SSDT-GPRW.aml]: pattern 47505257, bin not found / already patched!
24:309  0:000    0 replacements
24:309  0:000  0. [change PCI0.VID to IGPU #2 (Thinkpad), optionally pair with SSDT-IGPU.aml]: pattern 5649445F, bin not found / already patched!
24:309  0:000  1. [change PCI0.VID to IGPU #1 (Thinkpad), optionally pair with SSDT-IGPU.aml]: pattern 50434930, bin not found / already patched!
24:309  0:000  2. [change Method(_PTS,1,N) to ZPTS, pair with SSDT-PTSWAK.aml]: pattern 5F505453, bin not found / already patched!
24:309  0:000  3. [change Method(_WAK,1,S) to ZWAK, pair with SSDT-PTSWAK.aml]: pattern 5F57414B, bin not found / already patched!
24:309  0:000  4. [change LANC Method(_PRW,0,S) to Method(XPRW,0,..), pair with SSDT-LANCPRW.aml]: pattern 00001900, bin not found / already patched!
24:309  0:000  5. [change _DSM to XSDM]: pattern 5F44534D, patched at: [ (35) (1FA) ]
24:309  0:000  6. [change ADBG to XDBG]: pattern 41444247, bin not found / already patched!
24:309  0:000  7. [change LGPA to XGPA]: pattern 4C475041, bin not found / already patched!
24:309  0:000  8. [change HDAS to HDEF]: pattern 48444153, bin not found / already patched!
24:309  0:000  9. [change _OSI to XOSI, pair with SSDT-XOSI.aml]: pattern 5F4F5349, bin not found / already patched!
24:309  0:000  10. [Rename GFX0 to IGPU]: pattern 47465830, bin not found / already patched!
24:309  0:000  11. [change MEI to IMEI]: pattern 4D45495F, bin not found / already patched!
24:309  0:000  12. [change HECI to IMEI]: pattern 48454349, bin not found / already patched!
24:309  0:000  13. [change SAT0 to SATA, optionally pair with SSDT-SATA.aml]: pattern 53415430, patched at: [ (2A) (1FA) (258) ]
24:309  0:000  14. [change Method(GPRW,2,N) to XPRW, pair with SSDT-GPRW.aml]: pattern 47505257, bin not found / already patched!
24:309  0:000    0 replacements
24:309  0:000  0. [change PCI0.VID to IGPU #2 (Thinkpad), optionally pair with SSDT-IGPU.aml]: pattern 5649445F, bin not found / already patched!
24:309  0:000  1. [change PCI0.VID to IGPU #1 (Thinkpad), optionally pair with SSDT-IGPU.aml]: pattern 50434930, bin not found / already patched!
24:309  0:000  2. [change Method(_PTS,1,N) to ZPTS, pair with SSDT-PTSWAK.aml]: pattern 5F505453, bin not found / already patched!
24:309  0:000  3. [change Method(_WAK,1,S) to ZWAK, pair with SSDT-PTSWAK.aml]: pattern 5F57414B, bin not found / already patched!
24:309  0:000  4. [change LANC Method(_PRW,0,S) to Method(XPRW,0,..), pair with SSDT-LANCPRW.aml]: pattern 00001900, bin not found / already patched!
24:309  0:000  5. [change _DSM to XSDM]: pattern 5F44534D, bin not found / already patched!
24:309  0:000  6. [change ADBG to XDBG]: pattern 41444247, bin not found / already patched!
24:309  0:000  7. [change LGPA to XGPA]: pattern 4C475041, bin not found / already patched!
24:309  0:000  8. [change HDAS to HDEF]: pattern 48444153, bin not found / already patched!
24:309  0:000  9. [change _OSI to XOSI, pair with SSDT-XOSI.aml]: pattern 5F4F5349, bin not found / already patched!
24:309  0:000  10. [Rename GFX0 to IGPU]: pattern 47465830, bin not found / already patched!
24:309  0:000  11. [change MEI to IMEI]: pattern 4D45495F, bin not found / already patched!
24:309  0:000  12. [change HECI to IMEI]: pattern 48454349, bin not found / already patched!
24:309  0:000  13. [change SAT0 to SATA, optionally pair with SSDT-SATA.aml]: pattern 53415430, bin not found / already patched!
24:309  0:000  14. [change Method(GPRW,2,N) to XPRW, pair with SSDT-GPRW.aml]: pattern 47505257, bin not found / already patched!
24:309  0:000    0 replacements
24:309  0:000  Found OperationRegion(PNVS, SystemMemory, 7569E000, ...)
24:309  0:000  === [ ACPIPatchedAML ] ====================================
24:309  0:000  AutoMerge pass 2
24:309  0:000  Unsorted
24:309  0:000  Inserting SSDT-LGPA.aml from EFI\CLOVER\ACPI\patched: size=1739 ... Success
24:309  0:000  Inserting SSDT-XHC.aml from EFI\CLOVER\ACPI\patched: size=363 ... Success
24:309  0:000  Inserting SSDT-PNLF.aml from EFI\CLOVER\ACPI\patched: size=978 ... Success
24:309  0:000  Inserting SSDT-SMBUS.aml from EFI\CLOVER\ACPI\patched: size=138 ... Success
24:309  0:000  Inserting SSDT-SATA.aml from EFI\CLOVER\ACPI\patched: size=296 ... Success
24:309  0:000  Inserting SSDT-ADBG.aml from EFI\CLOVER\ACPI\patched: size=45 ... Success
24:309  0:000  Inserting SSDT-IMEI.aml from EFI\CLOVER\ACPI\patched: size=312 ... Success
24:309  0:000  Inserting SSDT-LPC.aml from EFI\CLOVER\ACPI\patched: size=390 ... Success
24:309  0:000  Inserting SSDT-XOSI.aml from EFI\CLOVER\ACPI\patched: size=178 ... Success
24:309  0:000  Inserting SSDT-RMCF.aml from EFI\CLOVER\ACPI\patched: size=900 ... Success
24:309  0:000  Inserting SSDT-GPRW.aml from EFI\CLOVER\ACPI\patched: size=87 ... Success
24:309  0:000  Inserting SSDT-LANCPRW.aml from EFI\CLOVER\ACPI\patched: size=111 ... Success
24:309  0:000  Inserting SSDT-PTSWAK.aml from EFI\CLOVER\ACPI\patched: size=782 ... Success
24:309  0:000  Inserting ssdt-rmne.aml from EFI\CLOVER\ACPI\patched: size=212 ... Success
24:309  0:000  Inserting SSDT-ALS0.aml from EFI\CLOVER\ACPI\patched: size=101 ... Success
24:310  0:000  CPUBase=0 and ApicCPUBase=1 ApicCPUNum=8
24:310  0:000  Maximum control=0xF
24:310  0:000  Turbo control=0x16
24:310  0:000  P-States: min 0x4, max 0x16
24:310  0:000  SSDT with plugin-type without P-States is generated
24:310  0:000  Cleanup XSDT: count=47, length=412
24:310  0:000  corrected XSDT count=46, length=404
24:310  0:000  === [ RestSetup macOS ] ===================================
24:310  0:000  EdidDiscovered size=128
24:310  0:000  --- Discovered EDID Table size:128
24:310  0:000  000  |  00  FF  FF  FF  FF  FF  FF  00  09  E5
24:310  0:000  010  |  91  06  00  00  00  00  01  19  01  04
24:310  0:000  020  |  A5  1C  10  78  02  F6  A0  99  59  51
24:310  0:000  030  |  94  2D  1F  50  54  00  00  00  01  01
24:310  0:000  040  |  01  01  01  01  01  01  01  01  01  01
24:310  0:000  050  |  01  01  01  01  C9  36  80  CD  70  38
24:310  0:000  060  |  14  40  30  20  36  00  18  A5  10  00
24:310  0:000  070  |  00  1A  D4  2B  80  CD  70  38  14  40
24:310  0:000  080  |  64  64  44  05  18  A5  10  00  00  1A
24:310  0:000  090  |  00  00  00  00  00  00  00  00  00  00
24:310  0:000  100  |  00  00  00  00  00  00  00  00  00  00
24:310  0:000  110  |  00  02  00  0C  43  F9  0B  3C  6E  1E
24:310  0:000  120  |  16  28  6F  00  00  00  00  EB
24:310  0:000  add device: PciRoot(0x0)/Pci(0x2,0x0)
24:310  0:000     Add key=AAPL,ig-platform-id valuelen=4
24:310  0:000  Intel GFX injection not set
24:310  0:000   RCBA disabled; cannot use it
24:310  0:000   setting specified layout-id=3 (0x3)
24:310  0:000  stringlength = 1152
24:310  0:000  CurrentMode: Width=1920 Height=1080
24:310  0:000  Beginning FSInjection
FSInjectionInstall ...
- Our FSI_SIMPLE_FILE_SYSTEM_PROTOCOL installed on handle: 7BFE9318
FSInjectionInstall ...
- Our FSI_SIMPLE_FILE_SYSTEM_PROTOCOL installed on handle: 7BFE9318
24:313  0:002  Use origin smbios table type 1 guid.
24:314  0:000    Force kext: System\Library\Extensions\IONetworkingFamily.kext
24:351  0:037      Force PlugIn kext: System\Library\Extensions\IONetworkingFamily.kext\Contents\PlugIns\nvenet.kext
24:380  0:028      Force PlugIn kext: System\Library\Extensions\IONetworkingFamily.kext\Contents\PlugIns\AppleEthernetAquantiaAqtion.kext
24:419  0:039      Force PlugIn kext: System\Library\Extensions\IONetworkingFamily.kext\Contents\PlugIns\AppleBCM5701Ethernet.kext
24:464  0:044      Force PlugIn kext: System\Library\Extensions\IONetworkingFamily.kext\Contents\PlugIns\AppleIntelI210Ethernet.kext
24:494  0:030      Force PlugIn kext: System\Library\Extensions\IONetworkingFamily.kext\Contents\PlugIns\Intel82574L.kext
24:527  0:033      Force PlugIn kext: System\Library\Extensions\IONetworkingFamily.kext\Contents\PlugIns\IOEthernetAVBController.kext
24:547  0:019      Force PlugIn kext: System\Library\Extensions\IONetworkingFamily.kext\Contents\PlugIns\AppleYukon2.kext
24:676  0:129      Force PlugIn kext: System\Library\Extensions\IONetworkingFamily.kext\Contents\PlugIns\AppleEthernetAquantiaAqtionFirmware.kext
24:702  0:025      Force PlugIn kext: System\Library\Extensions\IONetworkingFamily.kext\Contents\PlugIns\AppleIntel8254XEthernet.kext
24:731  0:028      Force PlugIn kext: System\Library\Extensions\IONetworkingFamily.kext\Contents\PlugIns\AppleVmxnet3Ethernet.kext
24:758  0:026      Force PlugIn kext: System\Library\Extensions\IONetworkingFamily.kext\Contents\PlugIns\mDNSOffloadUserClient.kext
24:778  0:020    Force kext: System\Library\Extensions\AppleIntelSKLGraphicsFramebuffer.kext
24:856  0:077  Preparing kexts injection for arch=x86_64 from EFI\CLOVER\kexts\Other
24:856  0:000  Extra kext: EFI\CLOVER\kexts\Other\VoodooI2C.kext (v.2.0.3)
24:889  0:033    |-- PlugIn kext: EFI\CLOVER\kexts\Other\VoodooI2C.kext\Contents\PlugIns\VoodooI2CServices.kext (v.1)
24:913  0:023    |-- PlugIn kext: EFI\CLOVER\kexts\Other\VoodooI2C.kext\Contents\PlugIns\VoodooGPIO.kext (v.1.1)
24:937  0:023  Extra kext: EFI\CLOVER\kexts\Other\AppleBacklightInjector.kext (v.0.9.0)
24:951  0:014  Extra kext: EFI\CLOVER\kexts\Other\FakeSMC.kext (v.1787)
24:990  0:039  Extra kext: EFI\CLOVER\kexts\Other\VoodooPS2Controller.kext (v.1.8.34)
25:025  0:034    |-- PlugIn kext: EFI\CLOVER\kexts\Other\VoodooPS2Controller.kext\Contents\PlugIns\VoodooPS2Mouse.kext (v.1.8.34)
25:057  0:031    |-- PlugIn kext: EFI\CLOVER\kexts\Other\VoodooPS2Controller.kext\Contents\PlugIns\VoodooPS2Keyboard.kext (v.1.8.34)
25:118  0:061    |-- PlugIn kext: EFI\CLOVER\kexts\Other\VoodooPS2Controller.kext\Contents\PlugIns\VoodooPS2Trackpad.kext (v.1.8.34)
25:182  0:063  Extra kext: EFI\CLOVER\kexts\Other\FakeSMC_CPUSensors.kext (v.1765)
25:208  0:026  Extra kext: EFI\CLOVER\kexts\Other\FakeSMC_GPUSensors.kext (v.1765)
25:249  0:040  Extra kext: EFI\CLOVER\kexts\Other\FakePCIID.kext (v.1.3.12)
25:274  0:025  Extra kext: EFI\CLOVER\kexts\Other\VoodooI2CHID.kext (v.1)
25:330  0:055  Extra kext: EFI\CLOVER\kexts\Other\FakeSMC_ACPISensors.kext (v.1765)
25:381  0:050  Extra kext: EFI\CLOVER\kexts\Other\USBInjectAll.kext (v.0.6.6)
27:277  1:895  Extra kext: EFI\CLOVER\kexts\Other\WhateverGreen.kext (v.1.2.1)
27:312  0:034  Extra kext: EFI\CLOVER\kexts\Other\NullEthernet.kext (v.1.0.6)
27:340  0:028  Extra kext: EFI\CLOVER\kexts\Other\FakeSMC_LPCSensors.kext (v.1765)
28:206  0:865  Extra kext: EFI\CLOVER\kexts\Other\CodecCommander.kext (v.2.6.3)
28:301  0:094  Extra kext: EFI\CLOVER\kexts\Other\SATA-100-series-unsupported.kext (v.0.5.1)
28:315  0:014  Extra kext: EFI\CLOVER\kexts\Other\AppleALC.kext (v.1.3.1)
29:952  1:637  Extra kext: EFI\CLOVER\kexts\Other\Lilu.kext (v.1.2.6)
29:988  0:035  Extra kext: EFI\CLOVER\kexts\Other\ACPIBatteryManager.kext (v.1.81.4)
30:038  0:050  Extra kext: EFI\CLOVER\kexts\Other\FakePCIID_Intel_HD_Graphics.kext (v.1.3.12)
30:116  0:078  Preparing kexts injection for arch=x86_64 from EFI\CLOVER\kexts\10.14
30:124  0:007  SetScreenResolution: 1920x1080 - already set
30:124  0:000  Custom boot is disabled
30:125  0:001  Closing log
